{"/Users/adilkalam/ORCA-OS/mcp/project-context-server/src/bundle.ts": {"path":"/Users/adilkalam/ORCA-OS/mcp/project-context-server/src/bundle.ts","statementMap":{"0":{"start":{"line":30,"column":24},"end":{"line":30,"column":null}},"1":{"start":{"line":31,"column":53},"end":{"line":31,"column":null}},"2":{"start":{"line":33,"column":22},"end":{"line":33,"column":48}},"3":{"start":{"line":34,"column":4},"end":{"line":34,"column":null}},"4":{"start":{"line":41,"column":21},"end":{"line":41,"column":null}},"5":{"start":{"line":42,"column":4},"end":{"line":45,"column":null}},"6":{"start":{"line":43,"column":6},"end":{"line":43,"column":null}},"7":{"start":{"line":44,"column":6},"end":{"line":44,"column":null}},"8":{"start":{"line":46,"column":4},"end":{"line":46,"column":null}},"9":{"start":{"line":57,"column":21},"end":{"line":57,"column":null}},"10":{"start":{"line":59,"column":4},"end":{"line":61,"column":null}},"11":{"start":{"line":71,"column":8},"end":{"line":77,"column":null}},"12":{"start":{"line":79,"column":34},"end":{"line":85,"column":null}},"13":{"start":{"line":88,"column":4},"end":{"line":90,"column":null}},"14":{"start":{"line":89,"column":6},"end":{"line":89,"column":null}},"15":{"start":{"line":92,"column":4},"end":{"line":96,"column":null}},"16":{"start":{"line":98,"column":4},"end":{"line":98,"column":null}},"17":{"start":{"line":108,"column":21},"end":{"line":108,"column":null}},"18":{"start":{"line":109,"column":23},"end":{"line":109,"column":null}},"19":{"start":{"line":112,"column":4},"end":{"line":123,"column":null}},"20":{"start":{"line":113,"column":6},"end":{"line":113,"column":null}},"21":{"start":{"line":114,"column":22},"end":{"line":114,"column":null}},"22":{"start":{"line":116,"column":6},"end":{"line":118,"column":null}},"23":{"start":{"line":117,"column":8},"end":{"line":117,"column":null}},"24":{"start":{"line":120,"column":6},"end":{"line":120,"column":null}},"25":{"start":{"line":122,"column":6},"end":{"line":122,"column":null}},"26":{"start":{"line":126,"column":4},"end":{"line":130,"column":null}},"27":{"start":{"line":141,"column":10},"end":{"line":141,"column":null}},"28":{"start":{"line":143,"column":41},"end":{"line":143,"column":null}},"29":{"start":{"line":146,"column":4},"end":{"line":160,"column":null}},"30":{"start":{"line":147,"column":24},"end":{"line":147,"column":null}},"31":{"start":{"line":148,"column":40},"end":{"line":148,"column":null}},"32":{"start":{"line":152,"column":8},"end":{"line":152,"column":null}},"33":{"start":{"line":154,"column":6},"end":{"line":157,"column":null}},"34":{"start":{"line":155,"column":8},"end":{"line":155,"column":null}},"35":{"start":{"line":156,"column":8},"end":{"line":156,"column":null}},"36":{"start":{"line":163,"column":4},"end":{"line":167,"column":null}},"37":{"start":{"line":164,"column":6},"end":{"line":164,"column":null}},"38":{"start":{"line":165,"column":6},"end":{"line":165,"column":null}},"39":{"start":{"line":166,"column":6},"end":{"line":166,"column":null}},"40":{"start":{"line":171,"column":4},"end":{"line":171,"column":null}},"41":{"start":{"line":180,"column":22},"end":{"line":180,"column":null}},"42":{"start":{"line":183,"column":10},"end":{"line":186,"column":null}},"43":{"start":{"line":184,"column":31},"end":{"line":184,"column":53}},"44":{"start":{"line":185,"column":28},"end":{"line":185,"column":34}},"45":{"start":{"line":189,"column":21},"end":{"line":189,"column":null}},"46":{"start":{"line":192,"column":20},"end":{"line":192,"column":null}},"47":{"start":{"line":195,"column":27},"end":{"line":195,"column":null}},"48":{"start":{"line":198,"column":27},"end":{"line":200,"column":null}},"49":{"start":{"line":200,"column":37},"end":{"line":200,"column":43}},"50":{"start":{"line":202,"column":4},"end":{"line":213,"column":null}},"51":{"start":{"line":220,"column":24},"end":{"line":227,"column":null}},"52":{"start":{"line":229,"column":4},"end":{"line":231,"column":null}},"53":{"start":{"line":230,"column":21},"end":{"line":230,"column":71}},"54":{"start":{"line":230,"column":49},"end":{"line":230,"column":70}},"55":{"start":{"line":239,"column":10},"end":{"line":239,"column":null}},"56":{"start":{"line":242,"column":4},"end":{"line":256,"column":null}},"57":{"start":{"line":243,"column":24},"end":{"line":243,"column":null}},"58":{"start":{"line":244,"column":40},"end":{"line":244,"column":null}},"59":{"start":{"line":248,"column":8},"end":{"line":248,"column":null}},"60":{"start":{"line":250,"column":6},"end":{"line":253,"column":null}},"61":{"start":{"line":251,"column":8},"end":{"line":251,"column":null}},"62":{"start":{"line":252,"column":8},"end":{"line":252,"column":null}},"63":{"start":{"line":259,"column":4},"end":{"line":259,"column":null}},"64":{"start":{"line":260,"column":25},"end":{"line":262,"column":null}},"65":{"start":{"line":265,"column":4},"end":{"line":265,"column":null}},"66":{"start":{"line":267,"column":4},"end":{"line":267,"column":null}},"67":{"start":{"line":274,"column":4},"end":{"line":274,"column":null}},"68":{"start":{"line":275,"column":25},"end":{"line":277,"column":null}},"69":{"start":{"line":279,"column":4},"end":{"line":279,"column":null}},"70":{"start":{"line":281,"column":4},"end":{"line":281,"column":null}},"71":{"start":{"line":291,"column":10},"end":{"line":291,"column":null}},"72":{"start":{"line":292,"column":10},"end":{"line":292,"column":null}},"73":{"start":{"line":294,"column":4},"end":{"line":304,"column":null}},"74":{"start":{"line":296,"column":6},"end":{"line":296,"column":null}},"75":{"start":{"line":299,"column":6},"end":{"line":299,"column":null}},"76":{"start":{"line":301,"column":6},"end":{"line":301,"column":null}},"77":{"start":{"line":303,"column":6},"end":{"line":303,"column":null}},"78":{"start":{"line":313,"column":24},"end":{"line":317,"column":null}},"79":{"start":{"line":319,"column":4},"end":{"line":338,"column":null}},"80":{"start":{"line":320,"column":6},"end":{"line":337,"column":null}},"81":{"start":{"line":321,"column":27},"end":{"line":321,"column":null}},"82":{"start":{"line":322,"column":27},"end":{"line":322,"column":null}},"83":{"start":{"line":325,"column":8},"end":{"line":334,"column":null}},"84":{"start":{"line":341,"column":4},"end":{"line":341,"column":null}},"85":{"start":{"line":348,"column":29},"end":{"line":348,"column":null}},"86":{"start":{"line":351,"column":4},"end":{"line":351,"column":null}},"87":{"start":{"line":351,"column":32},"end":{"line":351,"column":null}},"88":{"start":{"line":352,"column":4},"end":{"line":352,"column":null}},"89":{"start":{"line":352,"column":34},"end":{"line":352,"column":null}},"90":{"start":{"line":353,"column":4},"end":{"line":353,"column":null}},"91":{"start":{"line":353,"column":31},"end":{"line":353,"column":null}},"92":{"start":{"line":354,"column":4},"end":{"line":354,"column":null}},"93":{"start":{"line":354,"column":35},"end":{"line":354,"column":null}},"94":{"start":{"line":355,"column":4},"end":{"line":355,"column":null}},"95":{"start":{"line":355,"column":29},"end":{"line":355,"column":null}},"96":{"start":{"line":358,"column":4},"end":{"line":358,"column":null}},"97":{"start":{"line":358,"column":24},"end":{"line":358,"column":null}},"98":{"start":{"line":359,"column":4},"end":{"line":359,"column":null}},"99":{"start":{"line":359,"column":27},"end":{"line":359,"column":null}},"100":{"start":{"line":361,"column":4},"end":{"line":361,"column":null}},"101":{"start":{"line":368,"column":4},"end":{"line":368,"column":null}},"102":{"start":{"line":368,"column":30},"end":{"line":368,"column":null}},"103":{"start":{"line":369,"column":4},"end":{"line":372,"column":null}},"104":{"start":{"line":370,"column":40},"end":{"line":370,"column":null}}},"fnMap":{"0":{"name":"(anonymous_0)","decl":{"start":{"line":33,"column":2},"end":{"line":33,"column":22}},"loc":{"start":{"line":33,"column":48},"end":{"line":35,"column":null}},"line":33},"1":{"name":"(anonymous_1)","decl":{"start":{"line":40,"column":10},"end":{"line":40,"column":24}},"loc":{"start":{"line":40,"column":57},"end":{"line":47,"column":null}},"line":40},"2":{"name":"(anonymous_2)","decl":{"start":{"line":55,"column":8},"end":{"line":55,"column":21}},"loc":{"start":{"line":55,"column":66},"end":{"line":99,"column":null}},"line":55},"3":{"name":"(anonymous_3)","decl":{"start":{"line":107,"column":16},"end":{"line":107,"column":33}},"loc":{"start":{"line":107,"column":78},"end":{"line":131,"column":null}},"line":107},"4":{"name":"(anonymous_4)","decl":{"start":{"line":140,"column":16},"end":{"line":140,"column":39}},"loc":{"start":{"line":140,"column":90},"end":{"line":172,"column":null}},"line":140},"5":{"name":"(anonymous_5)","decl":{"start":{"line":178,"column":10},"end":{"line":178,"column":32}},"loc":{"start":{"line":178,"column":95},"end":{"line":214,"column":null}},"line":178},"6":{"name":"(anonymous_6)","decl":{"start":{"line":184,"column":14},"end":{"line":184,"column":15}},"loc":{"start":{"line":184,"column":31},"end":{"line":184,"column":53}},"line":184},"7":{"name":"(anonymous_7)","decl":{"start":{"line":185,"column":11},"end":{"line":185,"column":12}},"loc":{"start":{"line":185,"column":28},"end":{"line":185,"column":34}},"line":185},"8":{"name":"(anonymous_8)","decl":{"start":{"line":200,"column":11},"end":{"line":200,"column":12}},"loc":{"start":{"line":200,"column":37},"end":{"line":200,"column":43}},"line":200},"9":{"name":"(anonymous_9)","decl":{"start":{"line":219,"column":10},"end":{"line":219,"column":33}},"loc":{"start":{"line":219,"column":73},"end":{"line":232,"column":null}},"line":219},"10":{"name":"(anonymous_10)","decl":{"start":{"line":230,"column":14},"end":{"line":230,"column":21}},"loc":{"start":{"line":230,"column":21},"end":{"line":230,"column":71}},"line":230},"11":{"name":"(anonymous_11)","decl":{"start":{"line":230,"column":38},"end":{"line":230,"column":49}},"loc":{"start":{"line":230,"column":49},"end":{"line":230,"column":70}},"line":230},"12":{"name":"(anonymous_12)","decl":{"start":{"line":238,"column":16},"end":{"line":238,"column":32}},"loc":{"start":{"line":238,"column":76},"end":{"line":268,"column":null}},"line":238},"13":{"name":"(anonymous_13)","decl":{"start":{"line":273,"column":8},"end":{"line":273,"column":25}},"loc":{"start":{"line":273,"column":69},"end":{"line":282,"column":null}},"line":273},"14":{"name":"(anonymous_14)","decl":{"start":{"line":287,"column":16},"end":{"line":287,"column":null}},"loc":{"start":{"line":290,"column":19},"end":{"line":305,"column":null}},"line":290},"15":{"name":"(anonymous_15)","decl":{"start":{"line":311,"column":16},"end":{"line":311,"column":39}},"loc":{"start":{"line":311,"column":60},"end":{"line":342,"column":null}},"line":311},"16":{"name":"(anonymous_16)","decl":{"start":{"line":347,"column":10},"end":{"line":347,"column":31}},"loc":{"start":{"line":347,"column":54},"end":{"line":362,"column":null}},"line":347},"17":{"name":"(anonymous_17)","decl":{"start":{"line":367,"column":10},"end":{"line":367,"column":27}},"loc":{"start":{"line":367,"column":51},"end":{"line":373,"column":null}},"line":367},"18":{"name":"(anonymous_18)","decl":{"start":{"line":370,"column":6},"end":{"line":370,"column":7}},"loc":{"start":{"line":370,"column":40},"end":{"line":370,"column":null}},"line":370}},"branchMap":{"0":{"loc":{"start":{"line":42,"column":4},"end":{"line":45,"column":null}},"type":"if","locations":[{"start":{"line":42,"column":4},"end":{"line":45,"column":null}},{"start":{},"end":{}}],"line":42},"1":{"loc":{"start":{"line":75,"column":6},"end":{"line":75,"column":null}},"type":"cond-expr","locations":[{"start":{"line":75,"column":29},"end":{"line":75,"column":72}},{"start":{"line":75,"column":72},"end":{"line":75,"column":null}}],"line":75},"2":{"loc":{"start":{"line":88,"column":4},"end":{"line":90,"column":null}},"type":"if","locations":[{"start":{"line":88,"column":4},"end":{"line":90,"column":null}},{"start":{},"end":{}}],"line":88},"3":{"loc":{"start":{"line":88,"column":8},"end":{"line":88,"column":91}},"type":"binary-expr","locations":[{"start":{"line":88,"column":8},"end":{"line":88,"column":37}},{"start":{"line":88,"column":37},"end":{"line":88,"column":64}},{"start":{"line":88,"column":64},"end":{"line":88,"column":91}}],"line":88},"4":{"loc":{"start":{"line":108,"column":21},"end":{"line":108,"column":null}},"type":"binary-expr","locations":[{"start":{"line":108,"column":21},"end":{"line":108,"column":39}},{"start":{"line":108,"column":39},"end":{"line":108,"column":null}}],"line":108},"5":{"loc":{"start":{"line":112,"column":4},"end":{"line":123,"column":null}},"type":"if","locations":[{"start":{"line":112,"column":4},"end":{"line":123,"column":null}},{"start":{"line":121,"column":11},"end":{"line":123,"column":null}}],"line":112},"6":{"loc":{"start":{"line":116,"column":6},"end":{"line":118,"column":null}},"type":"if","locations":[{"start":{"line":116,"column":6},"end":{"line":118,"column":null}},{"start":{},"end":{}}],"line":116},"7":{"loc":{"start":{"line":154,"column":6},"end":{"line":157,"column":null}},"type":"if","locations":[{"start":{"line":154,"column":6},"end":{"line":157,"column":null}},{"start":{},"end":{}}],"line":154},"8":{"loc":{"start":{"line":163,"column":4},"end":{"line":167,"column":null}},"type":"if","locations":[{"start":{"line":163,"column":4},"end":{"line":167,"column":null}},{"start":{},"end":{}}],"line":163},"9":{"loc":{"start":{"line":183,"column":26},"end":{"line":183,"column":null}},"type":"binary-expr","locations":[{"start":{"line":183,"column":26},"end":{"line":183,"column":58}},{"start":{"line":183,"column":58},"end":{"line":183,"column":null}}],"line":183},"10":{"loc":{"start":{"line":250,"column":6},"end":{"line":253,"column":null}},"type":"if","locations":[{"start":{"line":250,"column":6},"end":{"line":253,"column":null}},{"start":{},"end":{}}],"line":250},"11":{"loc":{"start":{"line":330,"column":22},"end":{"line":330,"column":null}},"type":"binary-expr","locations":[{"start":{"line":330,"column":22},"end":{"line":330,"column":59}},{"start":{"line":330,"column":59},"end":{"line":330,"column":null}}],"line":330},"12":{"loc":{"start":{"line":331,"column":19},"end":{"line":331,"column":null}},"type":"binary-expr","locations":[{"start":{"line":331,"column":19},"end":{"line":331,"column":47}},{"start":{"line":331,"column":47},"end":{"line":331,"column":null}}],"line":331},"13":{"loc":{"start":{"line":332,"column":24},"end":{"line":332,"column":null}},"type":"binary-expr","locations":[{"start":{"line":332,"column":24},"end":{"line":332,"column":57}},{"start":{"line":332,"column":57},"end":{"line":332,"column":null}}],"line":332},"14":{"loc":{"start":{"line":351,"column":4},"end":{"line":351,"column":null}},"type":"if","locations":[{"start":{"line":351,"column":4},"end":{"line":351,"column":null}},{"start":{},"end":{}}],"line":351},"15":{"loc":{"start":{"line":352,"column":4},"end":{"line":352,"column":null}},"type":"if","locations":[{"start":{"line":352,"column":4},"end":{"line":352,"column":null}},{"start":{},"end":{}}],"line":352},"16":{"loc":{"start":{"line":353,"column":4},"end":{"line":353,"column":null}},"type":"if","locations":[{"start":{"line":353,"column":4},"end":{"line":353,"column":null}},{"start":{},"end":{}}],"line":353},"17":{"loc":{"start":{"line":354,"column":4},"end":{"line":354,"column":null}},"type":"if","locations":[{"start":{"line":354,"column":4},"end":{"line":354,"column":null}},{"start":{},"end":{}}],"line":354},"18":{"loc":{"start":{"line":355,"column":4},"end":{"line":355,"column":null}},"type":"if","locations":[{"start":{"line":355,"column":4},"end":{"line":355,"column":null}},{"start":{},"end":{}}],"line":355},"19":{"loc":{"start":{"line":358,"column":4},"end":{"line":358,"column":null}},"type":"if","locations":[{"start":{"line":358,"column":4},"end":{"line":358,"column":null}},{"start":{},"end":{}}],"line":358},"20":{"loc":{"start":{"line":359,"column":4},"end":{"line":359,"column":null}},"type":"if","locations":[{"start":{"line":359,"column":4},"end":{"line":359,"column":null}},{"start":{},"end":{}}],"line":359},"21":{"loc":{"start":{"line":368,"column":4},"end":{"line":368,"column":null}},"type":"if","locations":[{"start":{"line":368,"column":4},"end":{"line":368,"column":null}},{"start":{},"end":{}}],"line":368},"22":{"loc":{"start":{"line":369,"column":12},"end":{"line":369,"column":33}},"type":"binary-expr","locations":[{"start":{"line":369,"column":12},"end":{"line":369,"column":29}},{"start":{"line":369,"column":29},"end":{"line":369,"column":33}}],"line":369}},"s":{"0":0,"1":0,"2":0,"3":0,"4":0,"5":0,"6":0,"7":0,"8":0,"9":0,"10":0,"11":0,"12":0,"13":0,"14":0,"15":0,"16":0,"17":0,"18":0,"19":0,"20":0,"21":0,"22":0,"23":0,"24":0,"25":0,"26":0,"27":0,"28":0,"29":0,"30":0,"31":0,"32":0,"33":0,"34":0,"35":0,"36":0,"37":0,"38":0,"39":0,"40":0,"41":0,"42":0,"43":0,"44":0,"45":0,"46":0,"47":0,"48":0,"49":0,"50":0,"51":0,"52":0,"53":0,"54":0,"55":0,"56":0,"57":0,"58":0,"59":0,"60":0,"61":0,"62":0,"63":0,"64":0,"65":0,"66":0,"67":0,"68":0,"69":0,"70":0,"71":0,"72":0,"73":0,"74":0,"75":0,"76":0,"77":0,"78":0,"79":0,"80":0,"81":0,"82":0,"83":0,"84":0,"85":0,"86":0,"87":0,"88":0,"89":0,"90":0,"91":0,"92":0,"93":0,"94":0,"95":0,"96":0,"97":0,"98":0,"99":0,"100":0,"101":0,"102":0,"103":0,"104":0},"f":{"0":0,"1":0,"2":0,"3":0,"4":0,"5":0,"6":0,"7":0,"8":0,"9":0,"10":0,"11":0,"12":0,"13":0,"14":0,"15":0,"16":0,"17":0,"18":0},"b":{"0":[0,0],"1":[0,0],"2":[0,0],"3":[0,0,0],"4":[0,0],"5":[0,0],"6":[0,0],"7":[0,0],"8":[0,0],"9":[0,0],"10":[0,0],"11":[0,0],"12":[0,0],"13":[0,0],"14":[0,0],"15":[0,0],"16":[0,0],"17":[0,0],"18":[0,0],"19":[0,0],"20":[0,0],"21":[0,0],"22":[0,0]},"meta":{"lastBranch":23,"lastFunction":19,"lastStatement":105,"seen":{"s:30:24:30:Infinity":0,"s:31:53:31:Infinity":1,"f:33:2:33:22":0,"s:33:22:33:48":2,"s:34:4:34:Infinity":3,"f:40:10:40:24":1,"s:41:21:41:Infinity":4,"b:42:4:45:Infinity:undefined:undefined:undefined:undefined":0,"s:42:4:45:Infinity":5,"s:43:6:43:Infinity":6,"s:44:6:44:Infinity":7,"s:46:4:46:Infinity":8,"f:55:8:55:21":2,"s:57:21:57:Infinity":9,"s:59:4:61:Infinity":10,"s:71:8:77:Infinity":11,"b:75:29:75:72:75:72:75:Infinity":1,"s:79:34:85:Infinity":12,"b:88:4:90:Infinity:undefined:undefined:undefined:undefined":2,"s:88:4:90:Infinity":13,"b:88:8:88:37:88:37:88:64:88:64:88:91":3,"s:89:6:89:Infinity":14,"s:92:4:96:Infinity":15,"s:98:4:98:Infinity":16,"f:107:16:107:33":3,"s:108:21:108:Infinity":17,"b:108:21:108:39:108:39:108:Infinity":4,"s:109:23:109:Infinity":18,"b:112:4:123:Infinity:121:11:123:Infinity":5,"s:112:4:123:Infinity":19,"s:113:6:113:Infinity":20,"s:114:22:114:Infinity":21,"b:116:6:118:Infinity:undefined:undefined:undefined:undefined":6,"s:116:6:118:Infinity":22,"s:117:8:117:Infinity":23,"s:120:6:120:Infinity":24,"s:122:6:122:Infinity":25,"s:126:4:130:Infinity":26,"f:140:16:140:39":4,"s:141:10:141:Infinity":27,"s:143:41:143:Infinity":28,"s:146:4:160:Infinity":29,"s:147:24:147:Infinity":30,"s:148:40:148:Infinity":31,"s:152:8:152:Infinity":32,"b:154:6:157:Infinity:undefined:undefined:undefined:undefined":7,"s:154:6:157:Infinity":33,"s:155:8:155:Infinity":34,"s:156:8:156:Infinity":35,"b:163:4:167:Infinity:undefined:undefined:undefined:undefined":8,"s:163:4:167:Infinity":36,"s:164:6:164:Infinity":37,"s:165:6:165:Infinity":38,"s:166:6:166:Infinity":39,"s:171:4:171:Infinity":40,"f:178:10:178:32":5,"s:180:22:180:Infinity":41,"s:183:10:186:Infinity":42,"b:183:26:183:58:183:58:183:Infinity":9,"f:184:14:184:15":6,"s:184:31:184:53":43,"f:185:11:185:12":7,"s:185:28:185:34":44,"s:189:21:189:Infinity":45,"s:192:20:192:Infinity":46,"s:195:27:195:Infinity":47,"s:198:27:200:Infinity":48,"f:200:11:200:12":8,"s:200:37:200:43":49,"s:202:4:213:Infinity":50,"f:219:10:219:33":9,"s:220:24:227:Infinity":51,"s:229:4:231:Infinity":52,"f:230:14:230:21":10,"s:230:21:230:71":53,"f:230:38:230:49":11,"s:230:49:230:70":54,"f:238:16:238:32":12,"s:239:10:239:Infinity":55,"s:242:4:256:Infinity":56,"s:243:24:243:Infinity":57,"s:244:40:244:Infinity":58,"s:248:8:248:Infinity":59,"b:250:6:253:Infinity:undefined:undefined:undefined:undefined":10,"s:250:6:253:Infinity":60,"s:251:8:251:Infinity":61,"s:252:8:252:Infinity":62,"s:259:4:259:Infinity":63,"s:260:25:262:Infinity":64,"s:265:4:265:Infinity":65,"s:267:4:267:Infinity":66,"f:273:8:273:25":13,"s:274:4:274:Infinity":67,"s:275:25:277:Infinity":68,"s:279:4:279:Infinity":69,"s:281:4:281:Infinity":70,"f:287:16:287:Infinity":14,"s:291:10:291:Infinity":71,"s:292:10:292:Infinity":72,"s:294:4:304:Infinity":73,"s:296:6:296:Infinity":74,"s:299:6:299:Infinity":75,"s:301:6:301:Infinity":76,"s:303:6:303:Infinity":77,"f:311:16:311:39":15,"s:313:24:317:Infinity":78,"s:319:4:338:Infinity":79,"s:320:6:337:Infinity":80,"s:321:27:321:Infinity":81,"s:322:27:322:Infinity":82,"s:325:8:334:Infinity":83,"b:330:22:330:59:330:59:330:Infinity":11,"b:331:19:331:47:331:47:331:Infinity":12,"b:332:24:332:57:332:57:332:Infinity":13,"s:341:4:341:Infinity":84,"f:347:10:347:31":16,"s:348:29:348:Infinity":85,"b:351:4:351:Infinity:undefined:undefined:undefined:undefined":14,"s:351:4:351:Infinity":86,"s:351:32:351:Infinity":87,"b:352:4:352:Infinity:undefined:undefined:undefined:undefined":15,"s:352:4:352:Infinity":88,"s:352:34:352:Infinity":89,"b:353:4:353:Infinity:undefined:undefined:undefined:undefined":16,"s:353:4:353:Infinity":90,"s:353:31:353:Infinity":91,"b:354:4:354:Infinity:undefined:undefined:undefined:undefined":17,"s:354:4:354:Infinity":92,"s:354:35:354:Infinity":93,"b:355:4:355:Infinity:undefined:undefined:undefined:undefined":18,"s:355:4:355:Infinity":94,"s:355:29:355:Infinity":95,"b:358:4:358:Infinity:undefined:undefined:undefined:undefined":19,"s:358:4:358:Infinity":96,"s:358:24:358:Infinity":97,"b:359:4:359:Infinity:undefined:undefined:undefined:undefined":20,"s:359:4:359:Infinity":98,"s:359:27:359:Infinity":99,"s:361:4:361:Infinity":100,"f:367:10:367:27":17,"b:368:4:368:Infinity:undefined:undefined:undefined:undefined":21,"s:368:4:368:Infinity":101,"s:368:30:368:Infinity":102,"s:369:4:372:Infinity":103,"b:369:12:369:29:369:29:369:33":22,"f:370:6:370:7":18,"s:370:40:370:Infinity":104}}}
,"/Users/adilkalam/ORCA-OS/mcp/project-context-server/src/code-search.ts": {"path":"/Users/adilkalam/ORCA-OS/mcp/project-context-server/src/code-search.ts","statementMap":{"0":{"start":{"line":19,"column":6},"end":{"line":24,"column":null}},"1":{"start":{"line":46,"column":4},"end":{"line":46,"column":null}},"2":{"start":{"line":47,"column":4},"end":{"line":47,"column":null}},"3":{"start":{"line":54,"column":4},"end":{"line":54,"column":null}},"4":{"start":{"line":61,"column":4},"end":{"line":63,"column":null}},"5":{"start":{"line":62,"column":6},"end":{"line":62,"column":null}},"6":{"start":{"line":66,"column":4},"end":{"line":76,"column":null}},"7":{"start":{"line":67,"column":6},"end":{"line":71,"column":null}},"8":{"start":{"line":72,"column":6},"end":{"line":72,"column":null}},"9":{"start":{"line":74,"column":6},"end":{"line":74,"column":null}},"10":{"start":{"line":75,"column":6},"end":{"line":75,"column":null}},"11":{"start":{"line":88,"column":4},"end":{"line":91,"column":null}},"12":{"start":{"line":89,"column":6},"end":{"line":89,"column":null}},"13":{"start":{"line":90,"column":6},"end":{"line":90,"column":null}},"14":{"start":{"line":93,"column":4},"end":{"line":108,"column":null}},"15":{"start":{"line":95,"column":12},"end":{"line":102,"column":null}},"16":{"start":{"line":104,"column":6},"end":{"line":104,"column":null}},"17":{"start":{"line":106,"column":6},"end":{"line":106,"column":null}},"18":{"start":{"line":107,"column":6},"end":{"line":107,"column":null}},"19":{"start":{"line":118,"column":4},"end":{"line":120,"column":null}},"20":{"start":{"line":119,"column":6},"end":{"line":119,"column":null}},"21":{"start":{"line":122,"column":4},"end":{"line":136,"column":null}},"22":{"start":{"line":123,"column":12},"end":{"line":130,"column":null}},"23":{"start":{"line":132,"column":6},"end":{"line":132,"column":null}},"24":{"start":{"line":134,"column":6},"end":{"line":134,"column":null}},"25":{"start":{"line":135,"column":6},"end":{"line":135,"column":null}},"26":{"start":{"line":146,"column":4},"end":{"line":180,"column":null}},"27":{"start":{"line":148,"column":24},"end":{"line":148,"column":null}},"28":{"start":{"line":149,"column":6},"end":{"line":151,"column":null}},"29":{"start":{"line":150,"column":8},"end":{"line":150,"column":null}},"30":{"start":{"line":153,"column":42},"end":{"line":153,"column":null}},"31":{"start":{"line":156,"column":22},"end":{"line":156,"column":null}},"32":{"start":{"line":157,"column":6},"end":{"line":162,"column":null}},"33":{"start":{"line":158,"column":25},"end":{"line":158,"column":null}},"34":{"start":{"line":159,"column":8},"end":{"line":161,"column":null}},"35":{"start":{"line":160,"column":10},"end":{"line":160,"column":null}},"36":{"start":{"line":165,"column":6},"end":{"line":176,"column":null}},"37":{"start":{"line":167,"column":26},"end":{"line":176,"column":10}},"38":{"start":{"line":178,"column":6},"end":{"line":178,"column":null}},"39":{"start":{"line":179,"column":6},"end":{"line":179,"column":null}},"40":{"start":{"line":187,"column":4},"end":{"line":208,"column":null}},"41":{"start":{"line":188,"column":24},"end":{"line":188,"column":null}},"42":{"start":{"line":189,"column":6},"end":{"line":191,"column":null}},"43":{"start":{"line":190,"column":8},"end":{"line":190,"column":null}},"44":{"start":{"line":193,"column":22},"end":{"line":193,"column":null}},"45":{"start":{"line":195,"column":6},"end":{"line":204,"column":null}},"46":{"start":{"line":195,"column":43},"end":{"line":204,"column":8}},"47":{"start":{"line":206,"column":6},"end":{"line":206,"column":null}},"48":{"start":{"line":207,"column":6},"end":{"line":207,"column":null}},"49":{"start":{"line":215,"column":16},"end":{"line":215,"column":null}},"50":{"start":{"line":216,"column":44},"end":{"line":227,"column":null}},"51":{"start":{"line":228,"column":4},"end":{"line":228,"column":null}},"52":{"start":{"line":236,"column":2},"end":{"line":236,"column":null}}},"fnMap":{"0":{"name":"(anonymous_0)","decl":{"start":{"line":45,"column":2},"end":{"line":45,"column":14}},"loc":{"start":{"line":45,"column":35},"end":{"line":48,"column":null}},"line":45},"1":{"name":"(anonymous_1)","decl":{"start":{"line":53,"column":2},"end":{"line":53,"column":26}},"loc":{"start":{"line":53,"column":26},"end":{"line":55,"column":null}},"line":53},"2":{"name":"(anonymous_2)","decl":{"start":{"line":60,"column":8},"end":{"line":60,"column":44}},"loc":{"start":{"line":60,"column":44},"end":{"line":77,"column":null}},"line":60},"3":{"name":"(anonymous_3)","decl":{"start":{"line":84,"column":8},"end":{"line":84,"column":null}},"loc":{"start":{"line":87,"column":28},"end":{"line":109,"column":null}},"line":87},"4":{"name":"(anonymous_4)","decl":{"start":{"line":114,"column":8},"end":{"line":114,"column":null}},"loc":{"start":{"line":117,"column":28},"end":{"line":137,"column":null}},"line":117},"5":{"name":"(anonymous_5)","decl":{"start":{"line":142,"column":10},"end":{"line":142,"column":null}},"loc":{"start":{"line":145,"column":19},"end":{"line":181,"column":null}},"line":145},"6":{"name":"(anonymous_6)","decl":{"start":{"line":167,"column":13},"end":{"line":167,"column":14}},"loc":{"start":{"line":167,"column":26},"end":{"line":176,"column":10}},"line":167},"7":{"name":"(anonymous_7)","decl":{"start":{"line":186,"column":10},"end":{"line":186,"column":35}},"loc":{"start":{"line":186,"column":66},"end":{"line":209,"column":null}},"line":186},"8":{"name":"(anonymous_8)","decl":{"start":{"line":195,"column":25},"end":{"line":195,"column":26}},"loc":{"start":{"line":195,"column":43},"end":{"line":204,"column":8}},"line":195},"9":{"name":"(anonymous_9)","decl":{"start":{"line":214,"column":10},"end":{"line":214,"column":22}},"loc":{"start":{"line":214,"column":44},"end":{"line":229,"column":null}},"line":214},"10":{"name":"createCodeSearch","decl":{"start":{"line":235,"column":16},"end":{"line":235,"column":33}},"loc":{"start":{"line":235,"column":66},"end":{"line":237,"column":null}},"line":235}},"branchMap":{"0":{"loc":{"start":{"line":20,"column":2},"end":{"line":20,"column":null}},"type":"binary-expr","locations":[{"start":{"line":20,"column":2},"end":{"line":20,"column":22}},{"start":{"line":20,"column":22},"end":{"line":20,"column":null}}],"line":20},"1":{"loc":{"start":{"line":61,"column":4},"end":{"line":63,"column":null}},"type":"if","locations":[{"start":{"line":61,"column":4},"end":{"line":63,"column":null}},{"start":{},"end":{}}],"line":61},"2":{"loc":{"start":{"line":86,"column":4},"end":{"line":86,"column":null}},"type":"default-arg","locations":[{"start":{"line":86,"column":25},"end":{"line":86,"column":null}}],"line":86},"3":{"loc":{"start":{"line":88,"column":4},"end":{"line":91,"column":null}},"type":"if","locations":[{"start":{"line":88,"column":4},"end":{"line":91,"column":null}},{"start":{},"end":{}}],"line":88},"4":{"loc":{"start":{"line":116,"column":4},"end":{"line":116,"column":null}},"type":"default-arg","locations":[{"start":{"line":116,"column":25},"end":{"line":116,"column":null}}],"line":116},"5":{"loc":{"start":{"line":118,"column":4},"end":{"line":120,"column":null}},"type":"if","locations":[{"start":{"line":118,"column":4},"end":{"line":120,"column":null}},{"start":{},"end":{}}],"line":118},"6":{"loc":{"start":{"line":149,"column":6},"end":{"line":151,"column":null}},"type":"if","locations":[{"start":{"line":149,"column":6},"end":{"line":151,"column":null}},{"start":{},"end":{}}],"line":149},"7":{"loc":{"start":{"line":159,"column":8},"end":{"line":161,"column":null}},"type":"if","locations":[{"start":{"line":159,"column":8},"end":{"line":161,"column":null}},{"start":{},"end":{}}],"line":159},"8":{"loc":{"start":{"line":159,"column":12},"end":{"line":159,"column":56}},"type":"binary-expr","locations":[{"start":{"line":159,"column":12},"end":{"line":159,"column":25}},{"start":{"line":159,"column":25},"end":{"line":159,"column":56}}],"line":159},"9":{"loc":{"start":{"line":172,"column":19},"end":{"line":172,"column":null}},"type":"cond-expr","locations":[{"start":{"line":172,"column":33},"end":{"line":172,"column":49}},{"start":{"line":172,"column":49},"end":{"line":172,"column":null}}],"line":172},"10":{"loc":{"start":{"line":173,"column":19},"end":{"line":175,"column":null}},"type":"cond-expr","locations":[{"start":{"line":174,"column":14},"end":{"line":174,"column":null}},{"start":{"line":175,"column":14},"end":{"line":175,"column":null}}],"line":173},"11":{"loc":{"start":{"line":174,"column":17},"end":{"line":174,"column":44}},"type":"binary-expr","locations":[{"start":{"line":174,"column":17},"end":{"line":174,"column":38}},{"start":{"line":174,"column":38},"end":{"line":174,"column":44}}],"line":174},"12":{"loc":{"start":{"line":175,"column":14},"end":{"line":175,"column":null}},"type":"binary-expr","locations":[{"start":{"line":175,"column":14},"end":{"line":175,"column":35}},{"start":{"line":175,"column":35},"end":{"line":175,"column":null}}],"line":175},"13":{"loc":{"start":{"line":189,"column":6},"end":{"line":191,"column":null}},"type":"if","locations":[{"start":{"line":189,"column":6},"end":{"line":191,"column":null}},{"start":{},"end":{}}],"line":189},"14":{"loc":{"start":{"line":201,"column":17},"end":{"line":203,"column":null}},"type":"cond-expr","locations":[{"start":{"line":202,"column":12},"end":{"line":202,"column":null}},{"start":{"line":203,"column":12},"end":{"line":203,"column":null}}],"line":201},"15":{"loc":{"start":{"line":228,"column":11},"end":{"line":228,"column":null}},"type":"binary-expr","locations":[{"start":{"line":228,"column":11},"end":{"line":228,"column":33}},{"start":{"line":228,"column":33},"end":{"line":228,"column":null}}],"line":228},"16":{"loc":{"start":{"line":228,"column":19},"end":{"line":228,"column":28}},"type":"binary-expr","locations":[{"start":{"line":228,"column":19},"end":{"line":228,"column":26}},{"start":{"line":228,"column":26},"end":{"line":228,"column":28}}],"line":228}},"s":{"0":0,"1":0,"2":0,"3":0,"4":0,"5":0,"6":0,"7":0,"8":0,"9":0,"10":0,"11":0,"12":0,"13":0,"14":0,"15":0,"16":0,"17":0,"18":0,"19":0,"20":0,"21":0,"22":0,"23":0,"24":0,"25":0,"26":0,"27":0,"28":0,"29":0,"30":0,"31":0,"32":0,"33":0,"34":0,"35":0,"36":0,"37":0,"38":0,"39":0,"40":0,"41":0,"42":0,"43":0,"44":0,"45":0,"46":0,"47":0,"48":0,"49":0,"50":0,"51":0,"52":0},"f":{"0":0,"1":0,"2":0,"3":0,"4":0,"5":0,"6":0,"7":0,"8":0,"9":0,"10":0},"b":{"0":[0,0],"1":[0,0],"2":[0],"3":[0,0],"4":[0],"5":[0,0],"6":[0,0],"7":[0,0],"8":[0,0],"9":[0,0],"10":[0,0],"11":[0,0],"12":[0,0],"13":[0,0],"14":[0,0],"15":[0,0],"16":[0,0]},"meta":{"lastBranch":17,"lastFunction":11,"lastStatement":53,"seen":{"s:19:6:24:Infinity":0,"b:20:2:20:22:20:22:20:Infinity":0,"f:45:2:45:14":0,"s:46:4:46:Infinity":1,"s:47:4:47:Infinity":2,"f:53:2:53:26":1,"s:54:4:54:Infinity":3,"f:60:8:60:44":2,"b:61:4:63:Infinity:undefined:undefined:undefined:undefined":1,"s:61:4:63:Infinity":4,"s:62:6:62:Infinity":5,"s:66:4:76:Infinity":6,"s:67:6:71:Infinity":7,"s:72:6:72:Infinity":8,"s:74:6:74:Infinity":9,"s:75:6:75:Infinity":10,"f:84:8:84:Infinity":3,"b:86:25:86:Infinity":2,"b:88:4:91:Infinity:undefined:undefined:undefined:undefined":3,"s:88:4:91:Infinity":11,"s:89:6:89:Infinity":12,"s:90:6:90:Infinity":13,"s:93:4:108:Infinity":14,"s:95:12:102:Infinity":15,"s:104:6:104:Infinity":16,"s:106:6:106:Infinity":17,"s:107:6:107:Infinity":18,"f:114:8:114:Infinity":4,"b:116:25:116:Infinity":4,"b:118:4:120:Infinity:undefined:undefined:undefined:undefined":5,"s:118:4:120:Infinity":19,"s:119:6:119:Infinity":20,"s:122:4:136:Infinity":21,"s:123:12:130:Infinity":22,"s:132:6:132:Infinity":23,"s:134:6:134:Infinity":24,"s:135:6:135:Infinity":25,"f:142:10:142:Infinity":5,"s:146:4:180:Infinity":26,"s:148:24:148:Infinity":27,"b:149:6:151:Infinity:undefined:undefined:undefined:undefined":6,"s:149:6:151:Infinity":28,"s:150:8:150:Infinity":29,"s:153:42:153:Infinity":30,"s:156:22:156:Infinity":31,"s:157:6:162:Infinity":32,"s:158:25:158:Infinity":33,"b:159:8:161:Infinity:undefined:undefined:undefined:undefined":7,"s:159:8:161:Infinity":34,"b:159:12:159:25:159:25:159:56":8,"s:160:10:160:Infinity":35,"s:165:6:176:Infinity":36,"f:167:13:167:14":6,"s:167:26:176:10":37,"b:172:33:172:49:172:49:172:Infinity":9,"b:174:14:174:Infinity:175:14:175:Infinity":10,"b:174:17:174:38:174:38:174:44":11,"b:175:14:175:35:175:35:175:Infinity":12,"s:178:6:178:Infinity":38,"s:179:6:179:Infinity":39,"f:186:10:186:35":7,"s:187:4:208:Infinity":40,"s:188:24:188:Infinity":41,"b:189:6:191:Infinity:undefined:undefined:undefined:undefined":13,"s:189:6:191:Infinity":42,"s:190:8:190:Infinity":43,"s:193:22:193:Infinity":44,"s:195:6:204:Infinity":45,"f:195:25:195:26":8,"s:195:43:204:8":46,"b:202:12:202:Infinity:203:12:203:Infinity":14,"s:206:6:206:Infinity":47,"s:207:6:207:Infinity":48,"f:214:10:214:22":9,"s:215:16:215:Infinity":49,"s:216:44:227:Infinity":50,"s:228:4:228:Infinity":51,"b:228:11:228:33:228:33:228:Infinity":15,"b:228:19:228:26:228:26:228:28":16,"f:235:16:235:33":10,"s:236:2:236:Infinity":52}}}
,"/Users/adilkalam/ORCA-OS/mcp/project-context-server/src/index.ts": {"path":"/Users/adilkalam/ORCA-OS/mcp/project-context-server/src/index.ts","statementMap":{"0":{"start":{"line":39,"column":4},"end":{"line":49,"column":null}},"1":{"start":{"line":54,"column":4},"end":{"line":54,"column":null}},"2":{"start":{"line":55,"column":4},"end":{"line":55,"column":null}},"3":{"start":{"line":57,"column":4},"end":{"line":57,"column":null}},"4":{"start":{"line":64,"column":4},"end":{"line":66,"column":null}},"5":{"start":{"line":65,"column":6},"end":{"line":65,"column":null}},"6":{"start":{"line":69,"column":4},"end":{"line":71,"column":null}},"7":{"start":{"line":70,"column":6},"end":{"line":70,"column":null}},"8":{"start":{"line":74,"column":4},"end":{"line":84,"column":null}},"9":{"start":{"line":75,"column":12},"end":{"line":78,"column":null}},"10":{"start":{"line":79,"column":6},"end":{"line":81,"column":null}},"11":{"start":{"line":80,"column":8},"end":{"line":80,"column":null}},"12":{"start":{"line":87,"column":4},"end":{"line":87,"column":null}},"13":{"start":{"line":92,"column":4},"end":{"line":94,"column":null}},"14":{"start":{"line":92,"column":71},"end":{"line":94,"column":6}},"15":{"start":{"line":97,"column":4},"end":{"line":125,"column":null}},"16":{"start":{"line":98,"column":40},"end":{"line":98,"column":null}},"17":{"start":{"line":100,"column":6},"end":{"line":124,"column":null}},"18":{"start":{"line":102,"column":10},"end":{"line":102,"column":null}},"19":{"start":{"line":105,"column":10},"end":{"line":105,"column":null}},"20":{"start":{"line":108,"column":10},"end":{"line":108,"column":null}},"21":{"start":{"line":111,"column":10},"end":{"line":111,"column":null}},"22":{"start":{"line":114,"column":10},"end":{"line":114,"column":null}},"23":{"start":{"line":117,"column":10},"end":{"line":117,"column":null}},"24":{"start":{"line":120,"column":10},"end":{"line":120,"column":null}},"25":{"start":{"line":123,"column":10},"end":{"line":123,"column":null}},"26":{"start":{"line":132,"column":4},"end":{"line":265,"column":null}},"27":{"start":{"line":274,"column":24},"end":{"line":274,"column":null}},"28":{"start":{"line":275,"column":26},"end":{"line":275,"column":null}},"29":{"start":{"line":277,"column":19},"end":{"line":277,"column":null}},"30":{"start":{"line":279,"column":4},"end":{"line":286,"column":null}},"31":{"start":{"line":290,"column":24},"end":{"line":290,"column":null}},"32":{"start":{"line":292,"column":21},"end":{"line":292,"column":null}},"33":{"start":{"line":293,"column":4},"end":{"line":299,"column":null}},"34":{"start":{"line":300,"column":4},"end":{"line":302,"column":null}},"35":{"start":{"line":306,"column":24},"end":{"line":306,"column":null}},"36":{"start":{"line":308,"column":21},"end":{"line":308,"column":null}},"37":{"start":{"line":309,"column":4},"end":{"line":314,"column":null}},"38":{"start":{"line":315,"column":4},"end":{"line":317,"column":null}},"39":{"start":{"line":321,"column":24},"end":{"line":321,"column":null}},"40":{"start":{"line":323,"column":21},"end":{"line":323,"column":null}},"41":{"start":{"line":324,"column":4},"end":{"line":330,"column":null}},"42":{"start":{"line":331,"column":4},"end":{"line":333,"column":null}},"43":{"start":{"line":337,"column":24},"end":{"line":337,"column":null}},"44":{"start":{"line":338,"column":4},"end":{"line":338,"column":null}},"45":{"start":{"line":339,"column":4},"end":{"line":343,"column":null}},"46":{"start":{"line":347,"column":24},"end":{"line":347,"column":null}},"47":{"start":{"line":348,"column":25},"end":{"line":348,"column":null}},"48":{"start":{"line":350,"column":20},"end":{"line":353,"column":null}},"49":{"start":{"line":357,"column":4},"end":{"line":359,"column":null}},"50":{"start":{"line":363,"column":4},"end":{"line":363,"column":null}},"51":{"start":{"line":363,"column":30},"end":{"line":363,"column":null}},"52":{"start":{"line":364,"column":4},"end":{"line":367,"column":null}},"53":{"start":{"line":365,"column":35},"end":{"line":365,"column":null}},"54":{"start":{"line":375,"column":20},"end":{"line":375,"column":null}},"55":{"start":{"line":376,"column":15},"end":{"line":376,"column":null}},"56":{"start":{"line":377,"column":17},"end":{"line":377,"column":null}},"57":{"start":{"line":379,"column":4},"end":{"line":427,"column":null}},"58":{"start":{"line":381,"column":6},"end":{"line":388,"column":null}},"59":{"start":{"line":382,"column":8},"end":{"line":387,"column":null}},"60":{"start":{"line":391,"column":19},"end":{"line":394,"column":null}},"61":{"start":{"line":392,"column":31},"end":{"line":392,"column":60}},"62":{"start":{"line":397,"column":6},"end":{"line":411,"column":null}},"63":{"start":{"line":398,"column":25},"end":{"line":398,"column":null}},"64":{"start":{"line":399,"column":8},"end":{"line":410,"column":null}},"65":{"start":{"line":400,"column":26},"end":{"line":400,"column":null}},"66":{"start":{"line":401,"column":24},"end":{"line":401,"column":null}},"67":{"start":{"line":402,"column":25},"end":{"line":402,"column":null}},"68":{"start":{"line":404,"column":10},"end":{"line":409,"column":null}},"69":{"start":{"line":414,"column":6},"end":{"line":419,"column":null}},"70":{"start":{"line":421,"column":6},"end":{"line":426,"column":null}},"71":{"start":{"line":434,"column":22},"end":{"line":434,"column":null}},"72":{"start":{"line":435,"column":4},"end":{"line":435,"column":null}},"73":{"start":{"line":436,"column":4},"end":{"line":436,"column":null}},"74":{"start":{"line":437,"column":4},"end":{"line":437,"column":null}},"75":{"start":{"line":438,"column":4},"end":{"line":438,"column":null}},"76":{"start":{"line":443,"column":0},"end":{"line":446,"column":null}},"77":{"start":{"line":444,"column":17},"end":{"line":444,"column":null}},"78":{"start":{"line":445,"column":2},"end":{"line":445,"column":null}}},"fnMap":{"0":{"name":"(anonymous_0)","decl":{"start":{"line":38,"column":2},"end":{"line":38,"column":16}},"loc":{"start":{"line":38,"column":16},"end":{"line":58,"column":null}},"line":38},"1":{"name":"(anonymous_1)","decl":{"start":{"line":63,"column":10},"end":{"line":63,"column":28}},"loc":{"start":{"line":63,"column":59},"end":{"line":88,"column":null}},"line":63},"2":{"name":"(anonymous_2)","decl":{"start":{"line":90,"column":10},"end":{"line":90,"column":32}},"loc":{"start":{"line":90,"column":32},"end":{"line":126,"column":null}},"line":90},"3":{"name":"(anonymous_3)","decl":{"start":{"line":92,"column":58},"end":{"line":92,"column":71}},"loc":{"start":{"line":92,"column":71},"end":{"line":94,"column":6}},"line":92},"4":{"name":"(anonymous_4)","decl":{"start":{"line":97,"column":57},"end":{"line":97,"column":64}},"loc":{"start":{"line":97,"column":76},"end":{"line":125,"column":5}},"line":97},"5":{"name":"(anonymous_5)","decl":{"start":{"line":131,"column":10},"end":{"line":131,"column":29}},"loc":{"start":{"line":131,"column":29},"end":{"line":266,"column":null}},"line":131},"6":{"name":"(anonymous_6)","decl":{"start":{"line":272,"column":16},"end":{"line":272,"column":35}},"loc":{"start":{"line":272,"column":56},"end":{"line":287,"column":null}},"line":272},"7":{"name":"(anonymous_7)","decl":{"start":{"line":289,"column":16},"end":{"line":289,"column":35}},"loc":{"start":{"line":289,"column":46},"end":{"line":303,"column":null}},"line":289},"8":{"name":"(anonymous_8)","decl":{"start":{"line":305,"column":16},"end":{"line":305,"column":35}},"loc":{"start":{"line":305,"column":46},"end":{"line":318,"column":null}},"line":305},"9":{"name":"(anonymous_9)","decl":{"start":{"line":320,"column":16},"end":{"line":320,"column":38}},"loc":{"start":{"line":320,"column":49},"end":{"line":334,"column":null}},"line":320},"10":{"name":"(anonymous_10)","decl":{"start":{"line":336,"column":16},"end":{"line":336,"column":35}},"loc":{"start":{"line":336,"column":67},"end":{"line":344,"column":null}},"line":336},"11":{"name":"(anonymous_11)","decl":{"start":{"line":346,"column":16},"end":{"line":346,"column":39}},"loc":{"start":{"line":346,"column":71},"end":{"line":360,"column":null}},"line":346},"12":{"name":"(anonymous_12)","decl":{"start":{"line":362,"column":10},"end":{"line":362,"column":27}},"loc":{"start":{"line":362,"column":46},"end":{"line":368,"column":null}},"line":362},"13":{"name":"(anonymous_13)","decl":{"start":{"line":365,"column":6},"end":{"line":365,"column":7}},"loc":{"start":{"line":365,"column":35},"end":{"line":365,"column":null}},"line":365},"14":{"name":"(anonymous_14)","decl":{"start":{"line":374,"column":16},"end":{"line":374,"column":29}},"loc":{"start":{"line":374,"column":65},"end":{"line":428,"column":null}},"line":374},"15":{"name":"(anonymous_15)","decl":{"start":{"line":392,"column":16},"end":{"line":392,"column":17}},"loc":{"start":{"line":392,"column":31},"end":{"line":392,"column":60}},"line":392},"16":{"name":"(anonymous_16)","decl":{"start":{"line":433,"column":8},"end":{"line":433,"column":29}},"loc":{"start":{"line":433,"column":29},"end":{"line":439,"column":null}},"line":433}},"branchMap":{"0":{"loc":{"start":{"line":64,"column":4},"end":{"line":66,"column":null}},"type":"if","locations":[{"start":{"line":64,"column":4},"end":{"line":66,"column":null}},{"start":{},"end":{}}],"line":64},"1":{"loc":{"start":{"line":69,"column":4},"end":{"line":71,"column":null}},"type":"if","locations":[{"start":{"line":69,"column":4},"end":{"line":71,"column":null}},{"start":{},"end":{}}],"line":69},"2":{"loc":{"start":{"line":79,"column":6},"end":{"line":81,"column":null}},"type":"if","locations":[{"start":{"line":79,"column":6},"end":{"line":81,"column":null}},{"start":{},"end":{}}],"line":79},"3":{"loc":{"start":{"line":100,"column":6},"end":{"line":124,"column":null}},"type":"switch","locations":[{"start":{"line":101,"column":8},"end":{"line":102,"column":null}},{"start":{"line":104,"column":8},"end":{"line":105,"column":null}},{"start":{"line":107,"column":8},"end":{"line":108,"column":null}},{"start":{"line":110,"column":8},"end":{"line":111,"column":null}},{"start":{"line":113,"column":8},"end":{"line":114,"column":null}},{"start":{"line":116,"column":8},"end":{"line":117,"column":null}},{"start":{"line":119,"column":8},"end":{"line":120,"column":null}},{"start":{"line":122,"column":8},"end":{"line":123,"column":null}}],"line":100},"4":{"loc":{"start":{"line":363,"column":4},"end":{"line":363,"column":null}},"type":"if","locations":[{"start":{"line":363,"column":4},"end":{"line":363,"column":null}},{"start":{},"end":{}}],"line":363},"5":{"loc":{"start":{"line":364,"column":12},"end":{"line":364,"column":33}},"type":"binary-expr","locations":[{"start":{"line":364,"column":12},"end":{"line":364,"column":29}},{"start":{"line":364,"column":29},"end":{"line":364,"column":33}}],"line":364},"6":{"loc":{"start":{"line":381,"column":6},"end":{"line":388,"column":null}},"type":"if","locations":[{"start":{"line":381,"column":6},"end":{"line":388,"column":null}},{"start":{},"end":{}}],"line":381},"7":{"loc":{"start":{"line":399,"column":8},"end":{"line":410,"column":null}},"type":"if","locations":[{"start":{"line":399,"column":8},"end":{"line":410,"column":null}},{"start":{},"end":{}}],"line":399},"8":{"loc":{"start":{"line":417,"column":174},"end":{"line":417,"column":202}},"type":"cond-expr","locations":[{"start":{"line":417,"column":192},"end":{"line":417,"column":200}},{"start":{"line":417,"column":200},"end":{"line":417,"column":202}}],"line":417},"9":{"loc":{"start":{"line":443,"column":0},"end":{"line":446,"column":null}},"type":"if","locations":[{"start":{"line":443,"column":0},"end":{"line":446,"column":null}},{"start":{},"end":{}}],"line":443}},"s":{"0":0,"1":0,"2":0,"3":0,"4":0,"5":0,"6":0,"7":0,"8":0,"9":0,"10":0,"11":0,"12":0,"13":0,"14":0,"15":0,"16":0,"17":0,"18":0,"19":0,"20":0,"21":0,"22":0,"23":0,"24":0,"25":0,"26":0,"27":0,"28":0,"29":0,"30":0,"31":0,"32":0,"33":0,"34":0,"35":0,"36":0,"37":0,"38":0,"39":0,"40":0,"41":0,"42":0,"43":0,"44":0,"45":0,"46":0,"47":0,"48":0,"49":0,"50":0,"51":0,"52":0,"53":0,"54":0,"55":0,"56":0,"57":0,"58":0,"59":0,"60":0,"61":0,"62":0,"63":0,"64":0,"65":0,"66":0,"67":0,"68":0,"69":0,"70":0,"71":0,"72":0,"73":0,"74":0,"75":0,"76":0,"77":0,"78":0},"f":{"0":0,"1":0,"2":0,"3":0,"4":0,"5":0,"6":0,"7":0,"8":0,"9":0,"10":0,"11":0,"12":0,"13":0,"14":0,"15":0,"16":0},"b":{"0":[0,0],"1":[0,0],"2":[0,0],"3":[0,0,0,0,0,0,0,0],"4":[0,0],"5":[0,0],"6":[0,0],"7":[0,0],"8":[0,0],"9":[0,0]},"meta":{"lastBranch":10,"lastFunction":17,"lastStatement":79,"seen":{"f:38:2:38:16":0,"s:39:4:49:Infinity":0,"s:54:4:54:Infinity":1,"s:55:4:55:Infinity":2,"s:57:4:57:Infinity":3,"f:63:10:63:28":1,"b:64:4:66:Infinity:undefined:undefined:undefined:undefined":0,"s:64:4:66:Infinity":4,"s:65:6:65:Infinity":5,"b:69:4:71:Infinity:undefined:undefined:undefined:undefined":1,"s:69:4:71:Infinity":6,"s:70:6:70:Infinity":7,"s:74:4:84:Infinity":8,"s:75:12:78:Infinity":9,"b:79:6:81:Infinity:undefined:undefined:undefined:undefined":2,"s:79:6:81:Infinity":10,"s:80:8:80:Infinity":11,"s:87:4:87:Infinity":12,"f:90:10:90:32":2,"s:92:4:94:Infinity":13,"f:92:58:92:71":3,"s:92:71:94:6":14,"s:97:4:125:Infinity":15,"f:97:57:97:64":4,"s:98:40:98:Infinity":16,"b:101:8:102:Infinity:104:8:105:Infinity:107:8:108:Infinity:110:8:111:Infinity:113:8:114:Infinity:116:8:117:Infinity:119:8:120:Infinity:122:8:123:Infinity":3,"s:100:6:124:Infinity":17,"s:102:10:102:Infinity":18,"s:105:10:105:Infinity":19,"s:108:10:108:Infinity":20,"s:111:10:111:Infinity":21,"s:114:10:114:Infinity":22,"s:117:10:117:Infinity":23,"s:120:10:120:Infinity":24,"s:123:10:123:Infinity":25,"f:131:10:131:29":5,"s:132:4:265:Infinity":26,"f:272:16:272:35":6,"s:274:24:274:Infinity":27,"s:275:26:275:Infinity":28,"s:277:19:277:Infinity":29,"s:279:4:286:Infinity":30,"f:289:16:289:35":7,"s:290:24:290:Infinity":31,"s:292:21:292:Infinity":32,"s:293:4:299:Infinity":33,"s:300:4:302:Infinity":34,"f:305:16:305:35":8,"s:306:24:306:Infinity":35,"s:308:21:308:Infinity":36,"s:309:4:314:Infinity":37,"s:315:4:317:Infinity":38,"f:320:16:320:38":9,"s:321:24:321:Infinity":39,"s:323:21:323:Infinity":40,"s:324:4:330:Infinity":41,"s:331:4:333:Infinity":42,"f:336:16:336:35":10,"s:337:24:337:Infinity":43,"s:338:4:338:Infinity":44,"s:339:4:343:Infinity":45,"f:346:16:346:39":11,"s:347:24:347:Infinity":46,"s:348:25:348:Infinity":47,"s:350:20:353:Infinity":48,"s:357:4:359:Infinity":49,"f:362:10:362:27":12,"b:363:4:363:Infinity:undefined:undefined:undefined:undefined":4,"s:363:4:363:Infinity":50,"s:363:30:363:Infinity":51,"s:364:4:367:Infinity":52,"b:364:12:364:29:364:29:364:33":5,"f:365:6:365:7":13,"s:365:35:365:Infinity":53,"f:374:16:374:29":14,"s:375:20:375:Infinity":54,"s:376:15:376:Infinity":55,"s:377:17:377:Infinity":56,"s:379:4:427:Infinity":57,"b:381:6:388:Infinity:undefined:undefined:undefined:undefined":6,"s:381:6:388:Infinity":58,"s:382:8:387:Infinity":59,"s:391:19:394:Infinity":60,"f:392:16:392:17":15,"s:392:31:392:60":61,"s:397:6:411:Infinity":62,"s:398:25:398:Infinity":63,"b:399:8:410:Infinity:undefined:undefined:undefined:undefined":7,"s:399:8:410:Infinity":64,"s:400:26:400:Infinity":65,"s:401:24:401:Infinity":66,"s:402:25:402:Infinity":67,"s:404:10:409:Infinity":68,"s:414:6:419:Infinity":69,"b:417:192:417:200:417:200:417:202":8,"s:421:6:426:Infinity":70,"f:433:8:433:29":16,"s:434:22:434:Infinity":71,"s:435:4:435:Infinity":72,"s:436:4:436:Infinity":73,"s:437:4:437:Infinity":74,"s:438:4:438:Infinity":75,"b:443:0:446:Infinity:undefined:undefined:undefined:undefined":9,"s:443:0:446:Infinity":76,"s:444:17:444:Infinity":77,"s:445:2:445:Infinity":78}}}
,"/Users/adilkalam/ORCA-OS/mcp/project-context-server/src/semantic.ts": {"path":"/Users/adilkalam/ORCA-OS/mcp/project-context-server/src/semantic.ts","statementMap":{"0":{"start":{"line":19,"column":54},"end":{"line":19,"column":null}},"1":{"start":{"line":30,"column":16},"end":{"line":30,"column":null}},"2":{"start":{"line":31,"column":4},"end":{"line":34,"column":null}},"3":{"start":{"line":32,"column":6},"end":{"line":32,"column":null}},"4":{"start":{"line":33,"column":6},"end":{"line":33,"column":null}},"5":{"start":{"line":38,"column":23},"end":{"line":38,"column":null}},"6":{"start":{"line":39,"column":60},"end":{"line":39,"column":null}},"7":{"start":{"line":41,"column":4},"end":{"line":75,"column":null}},"8":{"start":{"line":42,"column":18},"end":{"line":42,"column":null}},"9":{"start":{"line":45,"column":23},"end":{"line":45,"column":null}},"10":{"start":{"line":46,"column":6},"end":{"line":48,"column":null}},"11":{"start":{"line":47,"column":8},"end":{"line":47,"column":null}},"12":{"start":{"line":51,"column":6},"end":{"line":57,"column":null}},"13":{"start":{"line":52,"column":8},"end":{"line":56,"column":null}},"14":{"start":{"line":53,"column":10},"end":{"line":55,"column":null}},"15":{"start":{"line":54,"column":12},"end":{"line":54,"column":null}},"16":{"start":{"line":60,"column":6},"end":{"line":62,"column":null}},"17":{"start":{"line":61,"column":8},"end":{"line":61,"column":null}},"18":{"start":{"line":64,"column":6},"end":{"line":74,"column":null}},"19":{"start":{"line":65,"column":8},"end":{"line":73,"column":null}},"20":{"start":{"line":78,"column":4},"end":{"line":81,"column":null}},"21":{"start":{"line":79,"column":22},"end":{"line":79,"column":39}},"22":{"start":{"line":81,"column":35},"end":{"line":81,"column":39}},"23":{"start":{"line":88,"column":4},"end":{"line":88,"column":null}},"24":{"start":{"line":90,"column":32},"end":{"line":94,"column":null}},"25":{"start":{"line":96,"column":4},"end":{"line":96,"column":null}},"26":{"start":{"line":98,"column":4},"end":{"line":98,"column":null}},"27":{"start":{"line":99,"column":4},"end":{"line":101,"column":null}},"28":{"start":{"line":112,"column":20},"end":{"line":112,"column":null}},"29":{"start":{"line":114,"column":4},"end":{"line":126,"column":null}},"30":{"start":{"line":116,"column":6},"end":{"line":116,"column":null}},"31":{"start":{"line":116,"column":36},"end":{"line":116,"column":null}},"32":{"start":{"line":118,"column":12},"end":{"line":118,"column":null}},"33":{"start":{"line":119,"column":20},"end":{"line":119,"column":null}},"34":{"start":{"line":121,"column":6},"end":{"line":125,"column":null}},"35":{"start":{"line":122,"column":8},"end":{"line":122,"column":null}},"36":{"start":{"line":123,"column":6},"end":{"line":125,"column":null}},"37":{"start":{"line":124,"column":8},"end":{"line":124,"column":null}},"38":{"start":{"line":137,"column":4},"end":{"line":150,"column":null}},"39":{"start":{"line":138,"column":22},"end":{"line":138,"column":null}},"40":{"start":{"line":139,"column":22},"end":{"line":139,"column":null}},"41":{"start":{"line":140,"column":22},"end":{"line":140,"column":null}},"42":{"start":{"line":142,"column":6},"end":{"line":146,"column":null}},"43":{"start":{"line":149,"column":6},"end":{"line":149,"column":null}},"44":{"start":{"line":157,"column":30},"end":{"line":157,"column":null}},"45":{"start":{"line":160,"column":4},"end":{"line":172,"column":null}},"46":{"start":{"line":162,"column":28},"end":{"line":162,"column":null}},"47":{"start":{"line":163,"column":6},"end":{"line":165,"column":null}},"48":{"start":{"line":164,"column":8},"end":{"line":164,"column":null}},"49":{"start":{"line":168,"column":27},"end":{"line":168,"column":null}},"50":{"start":{"line":169,"column":6},"end":{"line":171,"column":null}},"51":{"start":{"line":170,"column":8},"end":{"line":170,"column":null}},"52":{"start":{"line":175,"column":4},"end":{"line":185,"column":null}},"53":{"start":{"line":176,"column":25},"end":{"line":176,"column":null}},"54":{"start":{"line":177,"column":6},"end":{"line":179,"column":null}},"55":{"start":{"line":178,"column":8},"end":{"line":178,"column":null}},"56":{"start":{"line":181,"column":27},"end":{"line":181,"column":null}},"57":{"start":{"line":182,"column":6},"end":{"line":184,"column":null}},"58":{"start":{"line":183,"column":8},"end":{"line":183,"column":null}},"59":{"start":{"line":187,"column":4},"end":{"line":187,"column":null}},"60":{"start":{"line":195,"column":23},"end":{"line":195,"column":null}},"61":{"start":{"line":196,"column":4},"end":{"line":198,"column":null}},"62":{"start":{"line":197,"column":6},"end":{"line":197,"column":null}},"63":{"start":{"line":200,"column":23},"end":{"line":200,"column":null}},"64":{"start":{"line":201,"column":4},"end":{"line":203,"column":null}},"65":{"start":{"line":202,"column":6},"end":{"line":202,"column":null}},"66":{"start":{"line":205,"column":4},"end":{"line":205,"column":null}},"67":{"start":{"line":212,"column":16},"end":{"line":212,"column":null}},"68":{"start":{"line":213,"column":44},"end":{"line":223,"column":null}},"69":{"start":{"line":224,"column":4},"end":{"line":224,"column":null}},"70":{"start":{"line":231,"column":27},"end":{"line":241,"column":null}},"71":{"start":{"line":242,"column":4},"end":{"line":242,"column":null}},"72":{"start":{"line":249,"column":32},"end":{"line":259,"column":null}},"73":{"start":{"line":260,"column":4},"end":{"line":260,"column":null}},"74":{"start":{"line":260,"column":45},"end":{"line":260,"column":67}}},"fnMap":{"0":{"name":"(anonymous_0)","decl":{"start":{"line":24,"column":8},"end":{"line":24,"column":null}},"loc":{"start":{"line":28,"column":28},"end":{"line":82,"column":null}},"line":28},"1":{"name":"(anonymous_1)","decl":{"start":{"line":79,"column":12},"end":{"line":79,"column":13}},"loc":{"start":{"line":79,"column":22},"end":{"line":79,"column":39}},"line":79},"2":{"name":"(anonymous_2)","decl":{"start":{"line":81,"column":11},"end":{"line":81,"column":12}},"loc":{"start":{"line":81,"column":35},"end":{"line":81,"column":39}},"line":81},"3":{"name":"(anonymous_3)","decl":{"start":{"line":87,"column":8},"end":{"line":87,"column":21}},"loc":{"start":{"line":87,"column":57},"end":{"line":102,"column":null}},"line":87},"4":{"name":"(anonymous_4)","decl":{"start":{"line":107,"column":16},"end":{"line":107,"column":null}},"loc":{"start":{"line":111,"column":19},"end":{"line":127,"column":null}},"line":111},"5":{"name":"(anonymous_5)","decl":{"start":{"line":132,"column":16},"end":{"line":132,"column":null}},"loc":{"start":{"line":136,"column":19},"end":{"line":151,"column":null}},"line":136},"6":{"name":"(anonymous_6)","decl":{"start":{"line":156,"column":10},"end":{"line":156,"column":25}},"loc":{"start":{"line":156,"column":70},"end":{"line":188,"column":null}},"line":156},"7":{"name":"(anonymous_7)","decl":{"start":{"line":193,"column":10},"end":{"line":193,"column":26}},"loc":{"start":{"line":193,"column":81},"end":{"line":206,"column":null}},"line":193},"8":{"name":"(anonymous_8)","decl":{"start":{"line":211,"column":10},"end":{"line":211,"column":22}},"loc":{"start":{"line":211,"column":44},"end":{"line":225,"column":null}},"line":211},"9":{"name":"(anonymous_9)","decl":{"start":{"line":230,"column":10},"end":{"line":230,"column":23}},"loc":{"start":{"line":230,"column":47},"end":{"line":243,"column":null}},"line":230},"10":{"name":"(anonymous_10)","decl":{"start":{"line":248,"column":10},"end":{"line":248,"column":22}},"loc":{"start":{"line":248,"column":49},"end":{"line":261,"column":null}},"line":248},"11":{"name":"(anonymous_11)","decl":{"start":{"line":260,"column":36},"end":{"line":260,"column":37}},"loc":{"start":{"line":260,"column":45},"end":{"line":260,"column":67}},"line":260}},"branchMap":{"0":{"loc":{"start":{"line":27,"column":4},"end":{"line":27,"column":null}},"type":"default-arg","locations":[{"start":{"line":27,"column":17},"end":{"line":27,"column":null}}],"line":27},"1":{"loc":{"start":{"line":31,"column":4},"end":{"line":34,"column":null}},"type":"if","locations":[{"start":{"line":31,"column":4},"end":{"line":34,"column":null}},{"start":{},"end":{}}],"line":31},"2":{"loc":{"start":{"line":46,"column":6},"end":{"line":48,"column":null}},"type":"if","locations":[{"start":{"line":46,"column":6},"end":{"line":48,"column":null}},{"start":{},"end":{}}],"line":46},"3":{"loc":{"start":{"line":51,"column":6},"end":{"line":57,"column":null}},"type":"if","locations":[{"start":{"line":51,"column":6},"end":{"line":57,"column":null}},{"start":{},"end":{}}],"line":51},"4":{"loc":{"start":{"line":53,"column":10},"end":{"line":55,"column":null}},"type":"if","locations":[{"start":{"line":53,"column":10},"end":{"line":55,"column":null}},{"start":{},"end":{}}],"line":53},"5":{"loc":{"start":{"line":60,"column":6},"end":{"line":62,"column":null}},"type":"if","locations":[{"start":{"line":60,"column":6},"end":{"line":62,"column":null}},{"start":{},"end":{}}],"line":60},"6":{"loc":{"start":{"line":64,"column":6},"end":{"line":74,"column":null}},"type":"if","locations":[{"start":{"line":64,"column":6},"end":{"line":74,"column":null}},{"start":{},"end":{}}],"line":64},"7":{"loc":{"start":{"line":116,"column":6},"end":{"line":116,"column":null}},"type":"if","locations":[{"start":{"line":116,"column":6},"end":{"line":116,"column":null}},{"start":{},"end":{}}],"line":116},"8":{"loc":{"start":{"line":121,"column":6},"end":{"line":125,"column":null}},"type":"if","locations":[{"start":{"line":121,"column":6},"end":{"line":125,"column":null}},{"start":{"line":123,"column":6},"end":{"line":125,"column":null}}],"line":121},"9":{"loc":{"start":{"line":123,"column":6},"end":{"line":125,"column":null}},"type":"if","locations":[{"start":{"line":123,"column":6},"end":{"line":125,"column":null}},{"start":{},"end":{}}],"line":123},"10":{"loc":{"start":{"line":123,"column":17},"end":{"line":123,"column":60}},"type":"binary-expr","locations":[{"start":{"line":123,"column":17},"end":{"line":123,"column":35}},{"start":{"line":123,"column":35},"end":{"line":123,"column":60}}],"line":123},"11":{"loc":{"start":{"line":160,"column":4},"end":{"line":172,"column":null}},"type":"if","locations":[{"start":{"line":160,"column":4},"end":{"line":172,"column":null}},{"start":{},"end":{}}],"line":160},"12":{"loc":{"start":{"line":169,"column":6},"end":{"line":171,"column":null}},"type":"if","locations":[{"start":{"line":169,"column":6},"end":{"line":171,"column":null}},{"start":{},"end":{}}],"line":169},"13":{"loc":{"start":{"line":175,"column":4},"end":{"line":185,"column":null}},"type":"if","locations":[{"start":{"line":175,"column":4},"end":{"line":185,"column":null}},{"start":{},"end":{}}],"line":175},"14":{"loc":{"start":{"line":196,"column":4},"end":{"line":198,"column":null}},"type":"if","locations":[{"start":{"line":196,"column":4},"end":{"line":198,"column":null}},{"start":{},"end":{}}],"line":196},"15":{"loc":{"start":{"line":201,"column":4},"end":{"line":203,"column":null}},"type":"if","locations":[{"start":{"line":201,"column":4},"end":{"line":203,"column":null}},{"start":{},"end":{}}],"line":201},"16":{"loc":{"start":{"line":224,"column":11},"end":{"line":224,"column":null}},"type":"binary-expr","locations":[{"start":{"line":224,"column":11},"end":{"line":224,"column":33}},{"start":{"line":224,"column":33},"end":{"line":224,"column":null}}],"line":224},"17":{"loc":{"start":{"line":224,"column":19},"end":{"line":224,"column":28}},"type":"binary-expr","locations":[{"start":{"line":224,"column":19},"end":{"line":224,"column":26}},{"start":{"line":224,"column":26},"end":{"line":224,"column":28}}],"line":224},"18":{"loc":{"start":{"line":242,"column":11},"end":{"line":242,"column":null}},"type":"binary-expr","locations":[{"start":{"line":242,"column":11},"end":{"line":242,"column":45}},{"start":{"line":242,"column":45},"end":{"line":242,"column":null}}],"line":242}},"s":{"0":0,"1":0,"2":0,"3":0,"4":0,"5":0,"6":0,"7":0,"8":0,"9":0,"10":0,"11":0,"12":0,"13":0,"14":0,"15":0,"16":0,"17":0,"18":0,"19":0,"20":0,"21":0,"22":0,"23":0,"24":0,"25":0,"26":0,"27":0,"28":0,"29":0,"30":0,"31":0,"32":0,"33":0,"34":0,"35":0,"36":0,"37":0,"38":0,"39":0,"40":0,"41":0,"42":0,"43":0,"44":0,"45":0,"46":0,"47":0,"48":0,"49":0,"50":0,"51":0,"52":0,"53":0,"54":0,"55":0,"56":0,"57":0,"58":0,"59":0,"60":0,"61":0,"62":0,"63":0,"64":0,"65":0,"66":0,"67":0,"68":0,"69":0,"70":0,"71":0,"72":0,"73":0,"74":0},"f":{"0":0,"1":0,"2":0,"3":0,"4":0,"5":0,"6":0,"7":0,"8":0,"9":0,"10":0,"11":0},"b":{"0":[0],"1":[0,0],"2":[0,0],"3":[0,0],"4":[0,0],"5":[0,0],"6":[0,0],"7":[0,0],"8":[0,0],"9":[0,0],"10":[0,0],"11":[0,0],"12":[0,0],"13":[0,0],"14":[0,0],"15":[0,0],"16":[0,0],"17":[0,0],"18":[0,0]},"meta":{"lastBranch":19,"lastFunction":12,"lastStatement":75,"seen":{"s:19:54:19:Infinity":0,"f:24:8:24:Infinity":0,"b:27:17:27:Infinity":0,"s:30:16:30:Infinity":1,"b:31:4:34:Infinity:undefined:undefined:undefined:undefined":1,"s:31:4:34:Infinity":2,"s:32:6:32:Infinity":3,"s:33:6:33:Infinity":4,"s:38:23:38:Infinity":5,"s:39:60:39:Infinity":6,"s:41:4:75:Infinity":7,"s:42:18:42:Infinity":8,"s:45:23:45:Infinity":9,"b:46:6:48:Infinity:undefined:undefined:undefined:undefined":2,"s:46:6:48:Infinity":10,"s:47:8:47:Infinity":11,"b:51:6:57:Infinity:undefined:undefined:undefined:undefined":3,"s:51:6:57:Infinity":12,"s:52:8:56:Infinity":13,"b:53:10:55:Infinity:undefined:undefined:undefined:undefined":4,"s:53:10:55:Infinity":14,"s:54:12:54:Infinity":15,"b:60:6:62:Infinity:undefined:undefined:undefined:undefined":5,"s:60:6:62:Infinity":16,"s:61:8:61:Infinity":17,"b:64:6:74:Infinity:undefined:undefined:undefined:undefined":6,"s:64:6:74:Infinity":18,"s:65:8:73:Infinity":19,"s:78:4:81:Infinity":20,"f:79:12:79:13":1,"s:79:22:79:39":21,"f:81:11:81:12":2,"s:81:35:81:39":22,"f:87:8:87:21":3,"s:88:4:88:Infinity":23,"s:90:32:94:Infinity":24,"s:96:4:96:Infinity":25,"s:98:4:98:Infinity":26,"s:99:4:101:Infinity":27,"f:107:16:107:Infinity":4,"s:112:20:112:Infinity":28,"s:114:4:126:Infinity":29,"b:116:6:116:Infinity:undefined:undefined:undefined:undefined":7,"s:116:6:116:Infinity":30,"s:116:36:116:Infinity":31,"s:118:12:118:Infinity":32,"s:119:20:119:Infinity":33,"b:121:6:125:Infinity:123:6:125:Infinity":8,"s:121:6:125:Infinity":34,"s:122:8:122:Infinity":35,"b:123:6:125:Infinity:undefined:undefined:undefined:undefined":9,"s:123:6:125:Infinity":36,"b:123:17:123:35:123:35:123:60":10,"s:124:8:124:Infinity":37,"f:132:16:132:Infinity":5,"s:137:4:150:Infinity":38,"s:138:22:138:Infinity":39,"s:139:22:139:Infinity":40,"s:140:22:140:Infinity":41,"s:142:6:146:Infinity":42,"s:149:6:149:Infinity":43,"f:156:10:156:25":6,"s:157:30:157:Infinity":44,"b:160:4:172:Infinity:undefined:undefined:undefined:undefined":11,"s:160:4:172:Infinity":45,"s:162:28:162:Infinity":46,"s:163:6:165:Infinity":47,"s:164:8:164:Infinity":48,"s:168:27:168:Infinity":49,"b:169:6:171:Infinity:undefined:undefined:undefined:undefined":12,"s:169:6:171:Infinity":50,"s:170:8:170:Infinity":51,"b:175:4:185:Infinity:undefined:undefined:undefined:undefined":13,"s:175:4:185:Infinity":52,"s:176:25:176:Infinity":53,"s:177:6:179:Infinity":54,"s:178:8:178:Infinity":55,"s:181:27:181:Infinity":56,"s:182:6:184:Infinity":57,"s:183:8:183:Infinity":58,"s:187:4:187:Infinity":59,"f:193:10:193:26":7,"s:195:23:195:Infinity":60,"b:196:4:198:Infinity:undefined:undefined:undefined:undefined":14,"s:196:4:198:Infinity":61,"s:197:6:197:Infinity":62,"s:200:23:200:Infinity":63,"b:201:4:203:Infinity:undefined:undefined:undefined:undefined":15,"s:201:4:203:Infinity":64,"s:202:6:202:Infinity":65,"s:205:4:205:Infinity":66,"f:211:10:211:22":8,"s:212:16:212:Infinity":67,"s:213:44:223:Infinity":68,"s:224:4:224:Infinity":69,"b:224:11:224:33:224:33:224:Infinity":16,"b:224:19:224:26:224:26:224:28":17,"f:230:10:230:23":9,"s:231:27:241:Infinity":70,"s:242:4:242:Infinity":71,"b:242:11:242:45:242:45:242:Infinity":18,"f:248:10:248:22":10,"s:249:32:259:Infinity":72,"s:260:4:260:Infinity":73,"f:260:36:260:37":11,"s:260:45:260:67":74}}}
,"/Users/adilkalam/ORCA-OS/mcp/project-context-server/src/structure.ts": {"path":"/Users/adilkalam/ORCA-OS/mcp/project-context-server/src/structure.ts","statementMap":{"0":{"start":{"line":15,"column":26},"end":{"line":15,"column":null}},"1":{"start":{"line":16,"column":23},"end":{"line":16,"column":null}},"2":{"start":{"line":17,"column":25},"end":{"line":17,"column":null}},"3":{"start":{"line":19,"column":4},"end":{"line":24,"column":null}},"4":{"start":{"line":31,"column":4},"end":{"line":37,"column":null}},"5":{"start":{"line":32,"column":6},"end":{"line":36,"column":null}},"6":{"start":{"line":39,"column":17},"end":{"line":39,"column":null}},"7":{"start":{"line":40,"column":33},"end":{"line":40,"column":null}},"8":{"start":{"line":42,"column":4},"end":{"line":66,"column":null}},"9":{"start":{"line":43,"column":20},"end":{"line":43,"column":null}},"10":{"start":{"line":45,"column":6},"end":{"line":63,"column":null}},"11":{"start":{"line":47,"column":8},"end":{"line":49,"column":null}},"12":{"start":{"line":48,"column":10},"end":{"line":48,"column":null}},"13":{"start":{"line":51,"column":14},"end":{"line":51,"column":null}},"14":{"start":{"line":52,"column":22},"end":{"line":52,"column":null}},"15":{"start":{"line":54,"column":8},"end":{"line":62,"column":null}},"16":{"start":{"line":55,"column":10},"end":{"line":55,"column":null}},"17":{"start":{"line":57,"column":10},"end":{"line":61,"column":null}},"18":{"start":{"line":68,"column":4},"end":{"line":73,"column":null}},"19":{"start":{"line":80,"column":44},"end":{"line":80,"column":null}},"20":{"start":{"line":83,"column":23},"end":{"line":83,"column":null}},"21":{"start":{"line":85,"column":4},"end":{"line":105,"column":null}},"22":{"start":{"line":86,"column":6},"end":{"line":104,"column":null}},"23":{"start":{"line":87,"column":14},"end":{"line":87,"column":null}},"24":{"start":{"line":88,"column":22},"end":{"line":88,"column":null}},"25":{"start":{"line":90,"column":8},"end":{"line":101,"column":null}},"26":{"start":{"line":91,"column":16},"end":{"line":91,"column":null}},"27":{"start":{"line":92,"column":10},"end":{"line":100,"column":null}},"28":{"start":{"line":93,"column":12},"end":{"line":99,"column":null}},"29":{"start":{"line":107,"column":4},"end":{"line":107,"column":null}},"30":{"start":{"line":114,"column":4},"end":{"line":125,"column":null}},"31":{"start":{"line":115,"column":12},"end":{"line":115,"column":null}},"32":{"start":{"line":116,"column":22},"end":{"line":116,"column":null}},"33":{"start":{"line":117,"column":18},"end":{"line":117,"column":null}},"34":{"start":{"line":119,"column":6},"end":{"line":122,"column":null}},"35":{"start":{"line":124,"column":6},"end":{"line":124,"column":null}}},"fnMap":{"0":{"name":"(anonymous_0)","decl":{"start":{"line":14,"column":8},"end":{"line":14,"column":23}},"loc":{"start":{"line":14,"column":67},"end":{"line":25,"column":null}},"line":14},"1":{"name":"(anonymous_1)","decl":{"start":{"line":30,"column":16},"end":{"line":30,"column":30}},"loc":{"start":{"line":30,"column":73},"end":{"line":74,"column":null}},"line":30},"2":{"name":"(anonymous_2)","decl":{"start":{"line":79,"column":16},"end":{"line":79,"column":31}},"loc":{"start":{"line":79,"column":82},"end":{"line":108,"column":null}},"line":79},"3":{"name":"(anonymous_3)","decl":{"start":{"line":113,"column":16},"end":{"line":113,"column":33}},"loc":{"start":{"line":113,"column":87},"end":{"line":126,"column":null}},"line":113}},"branchMap":{"0":{"loc":{"start":{"line":30,"column":43},"end":{"line":30,"column":73}},"type":"default-arg","locations":[{"start":{"line":30,"column":51},"end":{"line":30,"column":73}}],"line":30},"1":{"loc":{"start":{"line":31,"column":4},"end":{"line":37,"column":null}},"type":"if","locations":[{"start":{"line":31,"column":4},"end":{"line":37,"column":null}},{"start":{},"end":{}}],"line":31},"2":{"loc":{"start":{"line":39,"column":17},"end":{"line":39,"column":null}},"type":"binary-expr","locations":[{"start":{"line":39,"column":17},"end":{"line":39,"column":41}},{"start":{"line":39,"column":41},"end":{"line":39,"column":null}}],"line":39},"3":{"loc":{"start":{"line":47,"column":8},"end":{"line":49,"column":null}},"type":"if","locations":[{"start":{"line":47,"column":8},"end":{"line":49,"column":null}},{"start":{},"end":{}}],"line":47},"4":{"loc":{"start":{"line":47,"column":12},"end":{"line":47,"column":80}},"type":"binary-expr","locations":[{"start":{"line":47,"column":12},"end":{"line":47,"column":36}},{"start":{"line":47,"column":36},"end":{"line":47,"column":63}},{"start":{"line":47,"column":63},"end":{"line":47,"column":80}}],"line":47},"5":{"loc":{"start":{"line":54,"column":8},"end":{"line":62,"column":null}},"type":"if","locations":[{"start":{"line":54,"column":8},"end":{"line":62,"column":null}},{"start":{"line":56,"column":15},"end":{"line":62,"column":null}}],"line":54},"6":{"loc":{"start":{"line":72,"column":16},"end":{"line":72,"column":null}},"type":"cond-expr","locations":[{"start":{"line":72,"column":38},"end":{"line":72,"column":49}},{"start":{"line":72,"column":49},"end":{"line":72,"column":null}}],"line":72},"7":{"loc":{"start":{"line":92,"column":10},"end":{"line":100,"column":null}},"type":"if","locations":[{"start":{"line":92,"column":10},"end":{"line":100,"column":null}},{"start":{},"end":{}}],"line":92},"8":{"loc":{"start":{"line":120,"column":12},"end":{"line":120,"column":null}},"type":"binary-expr","locations":[{"start":{"line":120,"column":12},"end":{"line":120,"column":32}},{"start":{"line":120,"column":32},"end":{"line":120,"column":null}}],"line":120},"9":{"loc":{"start":{"line":121,"column":12},"end":{"line":121,"column":null}},"type":"binary-expr","locations":[{"start":{"line":121,"column":12},"end":{"line":121,"column":35}},{"start":{"line":121,"column":35},"end":{"line":121,"column":null}}],"line":121}},"s":{"0":0,"1":0,"2":0,"3":0,"4":0,"5":0,"6":0,"7":0,"8":0,"9":0,"10":0,"11":0,"12":0,"13":0,"14":0,"15":0,"16":0,"17":0,"18":0,"19":0,"20":0,"21":0,"22":0,"23":0,"24":0,"25":0,"26":0,"27":0,"28":0,"29":0,"30":0,"31":0,"32":0,"33":0,"34":0,"35":0},"f":{"0":0,"1":0,"2":0,"3":0},"b":{"0":[0],"1":[0,0],"2":[0,0],"3":[0,0],"4":[0,0,0],"5":[0,0],"6":[0,0],"7":[0,0],"8":[0,0],"9":[0,0]},"meta":{"lastBranch":10,"lastFunction":4,"lastStatement":36,"seen":{"f:14:8:14:23":0,"s:15:26:15:Infinity":0,"s:16:23:16:Infinity":1,"s:17:25:17:Infinity":2,"s:19:4:24:Infinity":3,"f:30:16:30:30":1,"b:30:51:30:73":0,"b:31:4:37:Infinity:undefined:undefined:undefined:undefined":1,"s:31:4:37:Infinity":4,"s:32:6:36:Infinity":5,"s:39:17:39:Infinity":6,"b:39:17:39:41:39:41:39:Infinity":2,"s:40:33:40:Infinity":7,"s:42:4:66:Infinity":8,"s:43:20:43:Infinity":9,"s:45:6:63:Infinity":10,"b:47:8:49:Infinity:undefined:undefined:undefined:undefined":3,"s:47:8:49:Infinity":11,"b:47:12:47:36:47:36:47:63:47:63:47:80":4,"s:48:10:48:Infinity":12,"s:51:14:51:Infinity":13,"s:52:22:52:Infinity":14,"b:54:8:62:Infinity:56:15:62:Infinity":5,"s:54:8:62:Infinity":15,"s:55:10:55:Infinity":16,"s:57:10:61:Infinity":17,"s:68:4:73:Infinity":18,"b:72:38:72:49:72:49:72:Infinity":6,"f:79:16:79:31":2,"s:80:44:80:Infinity":19,"s:83:23:83:Infinity":20,"s:85:4:105:Infinity":21,"s:86:6:104:Infinity":22,"s:87:14:87:Infinity":23,"s:88:22:88:Infinity":24,"s:90:8:101:Infinity":25,"s:91:16:91:Infinity":26,"b:92:10:100:Infinity:undefined:undefined:undefined:undefined":7,"s:92:10:100:Infinity":27,"s:93:12:99:Infinity":28,"s:107:4:107:Infinity":29,"f:113:16:113:33":3,"s:114:4:125:Infinity":30,"s:115:12:115:Infinity":31,"s:116:22:116:Infinity":32,"s:117:18:117:Infinity":33,"s:119:6:122:Infinity":34,"b:120:12:120:32:120:32:120:Infinity":8,"b:121:12:121:35:121:35:121:Infinity":9,"s:124:6:124:Infinity":35}}}
,"/Users/adilkalam/ORCA-OS/mcp/project-context-server/src/types.ts": {"path":"/Users/adilkalam/ORCA-OS/mcp/project-context-server/src/types.ts","statementMap":{},"fnMap":{},"branchMap":{},"s":{},"f":{},"b":{},"meta":{"lastBranch":0,"lastFunction":0,"lastStatement":0,"seen":{}}}
,"/Users/adilkalam/ORCA-OS/mcp/project-context-server/src/workshop.ts": {"path":"/Users/adilkalam/ORCA-OS/mcp/project-context-server/src/workshop.ts","statementMap":{"0":{"start":{"line":19,"column":6},"end":{"line":19,"column":null}},"1":{"start":{"line":22,"column":42},"end":{"line":26,"column":null}},"2":{"start":{"line":33,"column":2},"end":{"line":33,"column":null}},"3":{"start":{"line":33,"column":23},"end":{"line":33,"column":null}},"4":{"start":{"line":35,"column":14},"end":{"line":35,"column":null}},"5":{"start":{"line":36,"column":18},"end":{"line":36,"column":null}},"6":{"start":{"line":37,"column":8},"end":{"line":37,"column":null}},"7":{"start":{"line":40,"column":2},"end":{"line":40,"column":null}},"8":{"start":{"line":40,"column":29},"end":{"line":40,"column":null}},"9":{"start":{"line":42,"column":16},"end":{"line":42,"column":null}},"10":{"start":{"line":43,"column":2},"end":{"line":43,"column":null}},"11":{"start":{"line":54,"column":2},"end":{"line":70,"column":null}},"12":{"start":{"line":57,"column":26},"end":{"line":57,"column":null}},"13":{"start":{"line":58,"column":6},"end":{"line":62,"column":null}},"14":{"start":{"line":59,"column":8},"end":{"line":61,"column":null}},"15":{"start":{"line":60,"column":10},"end":{"line":60,"column":null}},"16":{"start":{"line":64,"column":21},"end":{"line":64,"column":null}},"17":{"start":{"line":65,"column":17},"end":{"line":65,"column":null}},"18":{"start":{"line":66,"column":27},"end":{"line":66,"column":null}},"19":{"start":{"line":68,"column":6},"end":{"line":68,"column":null}},"20":{"start":{"line":70,"column":20},"end":{"line":70,"column":51}},"21":{"start":{"line":78,"column":20},"end":{"line":78,"column":null}},"22":{"start":{"line":80,"column":2},"end":{"line":84,"column":null}},"23":{"start":{"line":84,"column":20},"end":{"line":84,"column":60}},"24":{"start":{"line":92,"column":2},"end":{"line":94,"column":null}},"25":{"start":{"line":93,"column":4},"end":{"line":93,"column":null}},"26":{"start":{"line":96,"column":31},"end":{"line":96,"column":null}},"27":{"start":{"line":97,"column":27},"end":{"line":97,"column":null}},"28":{"start":{"line":99,"column":2},"end":{"line":107,"column":null}},"29":{"start":{"line":100,"column":4},"end":{"line":106,"column":null}},"30":{"start":{"line":101,"column":6},"end":{"line":101,"column":null}},"31":{"start":{"line":102,"column":6},"end":{"line":102,"column":null}},"32":{"start":{"line":104,"column":6},"end":{"line":104,"column":null}},"33":{"start":{"line":105,"column":6},"end":{"line":105,"column":null}},"34":{"start":{"line":110,"column":2},"end":{"line":110,"column":null}},"35":{"start":{"line":118,"column":8},"end":{"line":118,"column":null}},"36":{"start":{"line":119,"column":2},"end":{"line":126,"column":null}},"37":{"start":{"line":120,"column":4},"end":{"line":125,"column":null}},"38":{"start":{"line":121,"column":21},"end":{"line":121,"column":null}},"39":{"start":{"line":122,"column":6},"end":{"line":122,"column":null}},"40":{"start":{"line":124,"column":6},"end":{"line":124,"column":null}},"41":{"start":{"line":129,"column":2},"end":{"line":138,"column":null}},"42":{"start":{"line":130,"column":10},"end":{"line":130,"column":null}},"43":{"start":{"line":131,"column":10},"end":{"line":131,"column":null}},"44":{"start":{"line":132,"column":4},"end":{"line":135,"column":null}},"45":{"start":{"line":133,"column":21},"end":{"line":133,"column":null}},"46":{"start":{"line":134,"column":6},"end":{"line":134,"column":null}},"47":{"start":{"line":137,"column":4},"end":{"line":137,"column":null}},"48":{"start":{"line":140,"column":2},"end":{"line":140,"column":null}},"49":{"start":{"line":149,"column":4},"end":{"line":149,"column":null}},"50":{"start":{"line":151,"column":4},"end":{"line":151,"column":null}},"51":{"start":{"line":153,"column":4},"end":{"line":153,"column":null}},"52":{"start":{"line":154,"column":4},"end":{"line":156,"column":null}},"53":{"start":{"line":155,"column":6},"end":{"line":155,"column":null}},"54":{"start":{"line":158,"column":4},"end":{"line":158,"column":null}},"55":{"start":{"line":162,"column":4},"end":{"line":162,"column":null}},"56":{"start":{"line":166,"column":19},"end":{"line":166,"column":null}},"57":{"start":{"line":167,"column":4},"end":{"line":170,"column":null}},"58":{"start":{"line":168,"column":6},"end":{"line":168,"column":null}},"59":{"start":{"line":169,"column":6},"end":{"line":169,"column":null}},"60":{"start":{"line":171,"column":4},"end":{"line":177,"column":null}},"61":{"start":{"line":172,"column":6},"end":{"line":172,"column":null}},"62":{"start":{"line":174,"column":6},"end":{"line":174,"column":null}},"63":{"start":{"line":175,"column":6},"end":{"line":175,"column":null}},"64":{"start":{"line":176,"column":6},"end":{"line":176,"column":null}},"65":{"start":{"line":184,"column":4},"end":{"line":197,"column":null}},"66":{"start":{"line":185,"column":18},"end":{"line":185,"column":null}},"67":{"start":{"line":186,"column":33},"end":{"line":189,"column":null}},"68":{"start":{"line":190,"column":6},"end":{"line":192,"column":null}},"69":{"start":{"line":191,"column":8},"end":{"line":191,"column":null}},"70":{"start":{"line":193,"column":6},"end":{"line":193,"column":null}},"71":{"start":{"line":195,"column":6},"end":{"line":195,"column":null}},"72":{"start":{"line":196,"column":6},"end":{"line":196,"column":null}},"73":{"start":{"line":210,"column":20},"end":{"line":210,"column":null}},"74":{"sta
[...]
7":{"loc":{"start":{"line":91,"column":84},"end":{"line":91,"column":138}},"type":"default-arg","locations":[{"start":{"line":91,"column":112},"end":{"line":91,"column":138}}],"line":91},"8":{"loc":{"start":{"line":92,"column":2},"end":{"line":94,"column":null}},"type":"if","locations":[{"start":{"line":92,"column":2},"end":{"line":94,"column":null}},{"start":{},"end":{}}],"line":92},"9":{"loc":{"start":{"line":100,"column":4},"end":{"line":106,"column":null}},"type":"if","locations":[{"start":{"line":100,"column":4},"end":{"line":106,"column":null}},{"start":{"line":103,"column":11},"end":{"line":106,"column":null}}],"line":100},"10":{"loc":{"start":{"line":119,"column":2},"end":{"line":126,"column":null}},"type":"if","locations":[{"start":{"line":119,"column":2},"end":{"line":126,"column":null}},{"start":{},"end":{}}],"line":119},"11":{"loc":{"start":{"line":132,"column":4},"end":{"line":135,"column":null}},"type":"if","locations":[{"start":{"line":132,"column":4},"end":{"line":135,"column":null}},{"start":{},"end":{}}],"line":132},"12":{"loc":{"start":{"line":154,"column":4},"end":{"line":156,"column":null}},"type":"if","locations":[{"start":{"line":154,"column":4},"end":{"line":156,"column":null}},{"start":{},"end":{}}],"line":154},"13":{"loc":{"start":{"line":167,"column":4},"end":{"line":170,"column":null}},"type":"if","locations":[{"start":{"line":167,"column":4},"end":{"line":170,"column":null}},{"start":{},"end":{}}],"line":167},"14":{"loc":{"start":{"line":190,"column":6},"end":{"line":192,"column":null}},"type":"if","locations":[{"start":{"line":190,"column":6},"end":{"line":192,"column":null}},{"start":{},"end":{}}],"line":190},"15":{"loc":{"start":{"line":210,"column":20},"end":{"line":210,"column":null}},"type":"binary-expr","locations":[{"start":{"line":210,"column":20},"end":{"line":210,"column":72}},{"start":{"line":210,"column":72},"end":{"line":210,"column":null}}],"line":210},"16":{"loc":{"start":{"line":242,"column":21},"end":{"line":242,"column":null}},"type":"binary-expr","locations":[{"start":{"line":242,"column":21},"end":{"line":242,"column":56}},{"start":{"line":242,"column":56},"end":{"line":242,"column":null}}],"line":242},"17":{"loc":{"start":{"line":248,"column":4},"end":{"line":252,"column":null}},"type":"if","locations":[{"start":{"line":248,"column":4},"end":{"line":252,"column":null}},{"start":{},"end":{}}],"line":248},"18":{"loc":{"start":{"line":260,"column":38},"end":{"line":260,"column":71}},"type":"default-arg","locations":[{"start":{"line":260,"column":46},"end":{"line":260,"column":71}}],"line":260},"19":{"loc":{"start":{"line":262,"column":4},"end":{"line":262,"column":null}},"type":"if","locations":[{"start":{"line":262,"column":4},"end":{"line":262,"column":null}},{"start":{},"end":{}}],"line":262},"20":{"loc":{"start":{"line":266,"column":25},"end":{"line":266,"column":null}},"type":"cond-expr","locations":[{"start":{"line":266,"column":52},"end":{"line":266,"column":64}},{"start":{"line":266,"column":64},"end":{"line":266,"column":null}}],"line":266},"21":{"loc":{"start":{"line":284,"column":8},"end":{"line":288,"column":null}},"type":"if","locations":[{"start":{"line":284,"column":8},"end":{"line":288,"column":null}},{"start":{},"end":{}}],"line":284},"22":{"loc":{"start":{"line":292,"column":23},"end":{"line":292,"column":null}},"type":"cond-expr","locations":[{"start":{"line":292,"column":37},"end":{"line":292,"column":54}},{"start":{"line":292,"column":54},"end":{"line":292,"column":null}}],"line":292},"23":{"loc":{"start":{"line":298,"column":20},"end":{"line":298,"column":null}},"type":"binary-expr","locations":[{"start":{"line":298,"column":20},"end":{"line":298,"column":35}},{"start":{"line":298,"column":35},"end":{"line":298,"column":null}}],"line":298},"24":{"loc":{"start":{"line":299,"column":21},"end":{"line":299,"column":null}},"type":"binary-expr","locations":[{"start":{"line":299,"column":21},"end":{"line":299,"column":38}},{"start":{"line":299,"column":38},"end":{"line":299,"column":null}}],"line":299},"25":{"loc":{"start":{"line":301,"column":16},"end":{"line":301,"column":null}},"type":"binary-expr","locations":[{"start":{"line":301,"column":16},"end":{"line":301,"column":33}},{"start":{"line":301,"column":33},"end":{"line":301,"column":null}}],"line":301},"26":{"loc":{"start":{"line":307,"column":6},"end":{"line":318,"column":null}},"type":"if","locations":[{"start":{"line":307,"column":6},"end":{"line":318,"column":null}},{"start":{"line":313,"column":13},"end":{"line":318,"column":null}}],"line":307},"27":{"loc":{"start":{"line":336,"column":4},"end":{"line":336,"column":null}},"type":"if","locations":[{"start":{"line":336,"column":4},"end":{"line":336,"column":null}},{"start":{},"end":{}}],"line":336},"28":{"loc":{"start":{"line":350,"column":8},"end":{"line":354,"column":null}},"type":"if","locations":[{"start":{"line":350,"column":8},"end":{"line":354,"column":null}},{"start":{},"end":{}}],"line":350},"29":{"loc":{"start":{"line":360,"column":25},"end":{"line":360,"column":null}},"type":"binary-expr","locations":[{"start":{"line":360,"column":25},"end":{"line":360,"column":40}},{"start":{"line":360,"column":40},"end":{"line":360,"column":null}}],"line":360},"30":{"loc":{"start":{"line":361,"column":16},"end":{"line":361,"column":null}},"type":"binary-expr","locations":[{"start":{"line":361,"column":16},"end":{"line":361,"column":33}},{"start":{"line":361,"column":33},"end":{"line":361,"column":null}}],"line":361},"31":{"loc":{"start":{"line":362,"column":16},"end":{"line":362,"column":null}},"type":"binary-expr","locations":[{"start":{"line":362,"column":16},"end":{"line":362,"column":33}},{"start":{"line":362,"column":33},"end":{"line":362,"column":null}}],"line":362},"32":{"loc":{"start":{"line":369,"column":6},"end":{"line":380,"column":null}},"type":"if","locations":[{"start":{"line":369,"column":6},"end":{"line":380,"column":null}},{"start":{"line":375,"column":13},"end":{"line":380,"column":null}}],"line":369},"33":{"loc":{"start":{"line":397,"column":40},"end":{"line":397,"column":76}},"type":"default-arg","locations":[{"start":{"line":397,"column":48},"end":{"line":397,"column":76}}],"line":397},"34":{"loc":{"start":{"line":399,"column":4},"end":{"line":399,"column":null}},"type":"if","locations":[{"start":{"line":399,"column":4},"end":{"line":399,"column":null}},{"start":{},"end":{}}],"line":399},"35":{"loc":{"start":{"line":403,"column":25},"end":{"line":403,"column":null}},"type":"cond-expr","locations":[{"start":{"line":403,"column":52},"end":{"line":403,"column":64}},{"start":{"line":403,"column":64},"end":{"line":403,"column":null}}],"line":403},"36":{"loc":{"start":{"line":422,"column":8},"end":{"line":426,"column":null}},"type":"if","locations":[{"start":{"line":422,"column":8},"end":{"line":426,"column":null}},{"start":{},"end":{}}],"line":422},"37":{"loc":{"start":{"line":430,"column":23},"end":{"line":430,"column":null}},"type":"cond-expr","locations":[{"start":{"line":430,"column":37},"end":{"line":430,"column":54}},{"start":{"line":430,"column":54},"end":{"line":430,"column":null}}],"line":430},"38":{"loc":{"start":{"line":434,"column":24},"end":{"line":434,"column":null}},"type":"cond-expr","locations":[{"start":{"line":434,"column":39},"end":{"line":434,"column":71}},{"start":{"line":434,"column":71},"end":{"line":434,"column":null}}],"line":434},"39":{"loc":{"start":{"line":440,"column":16},"end":{"line":440,"column":null}},"type":"binary-expr","locations":[{"start":{"line":440,"column":16},"end":{"line":440,"column":31}},{"start":{"line":440,"column":31},"end":{"line":440,"column":null}}],"line":440},"40":{"loc":{"start":{"line":442,"column":26},"end":{"line":442,"column":null}},"type":"binary-expr","locations":[{"start":{"line":442,"column":26},"end":{"line":442,"column":53}},{"start":{"line":442,"column":53},"end":{"line":442,"column":null}}],"line":442},"41":{"loc":{"start":{"line":443,"column":21},"end":{"line":443,"column":null}},"type":"binary-expr","locations":[{"start":{"line":443,"column":21},"end":{"line":443,"column":38}},{"start":{"line":443,"column":38},"end":{"line":443,"column":null}}],"line":443},"42":{"loc":{"start":{"line":449,"column":6},"end":{"line":460,"column":null}},"type":"if","locations":[{"start":{"line":449,"column":6},"end":{"line":460,"column":null}},{"start":{"line":455,"column":13},"end":{"line":460,"column":null}}],"line":449},"43":{"loc":{"start":{"line":484,"column":4},"end":{"line":488,"column":null}},"type":"if","locations":[{"start":{"line":484,"column":4},"end":{"line":488,"column":null}},{"start":{},"end":{}}],"line":484},"44":{"loc":{"start":{"line":495,"column":6},"end":{"line":500,"column":null}},"type":"if","locations":[{"start":{"line":495,"column":6},"end":{"line":500,"column":null}},{"start":{},"end":{}}],"line":495},"45":{"loc":{"start":{"line":504,"column":6},"end":{"line":508,"column":null}},"type":"if","locations":[{"start":{"line":504,"column":6},"end":{"line":508,"column":null}},{"start":{},"end":{}}],"line":504},"46":{"loc":{"start":{"line":510,"column":6},"end":{"line":523,"column":null}},"type":"if","locations":[{"start":{"line":510,"column":6},"end":{"line":523,"column":null}},{"start":{},"end":{}}],"line":510},"47":{"loc":{"start":{"line":513,"column":8},"end":{"line":522,"column":null}},"type":"if","locations":[{"start":{"line":513,"column":8},"end":{"line":522,"column":null}},{"start":{"line":518,"column":15},"end":{"line":522,"column":null}}],"line":513}},"s":{"0":0,"1":0,"2":0,"3":0,"4":0,"5":0,"6":0,"7":0,"8":0,"9":0,"10":0,"11":0,"12":0,"13":0,"14":0,"15":0,"16":0,"17":0,"18":0,"19":0,"20":0,"21":0,"22":0,"23":0,"24":0,"25":0,"26":0,"27":0,"28":0,"29":0,"30":0,"31":0,"32":0,"33":0,"34":0,"35":0,"36":0,"37":0,"38":0,"39":0,"40":0,"41":0,"42":0,"43":0,"44":0,"45":0,"46":0,"47":0,"48":0,"49":0,"50":0,"51":0,"52":0,"53":0,"54":0,"55":0,"56":0,"57":0,"58":0,"59":0,"60":0,"61":0,"62":0,"63":0,"64":0,"65":0,"66":0,"67":0,"68":0,"69":0,"70":0,"71":0,"72":0,"73":0,"74":0,"75":0,"76":0,"77":0,"78":0,"79":0,"80":0,"81":0,"82":0,"83":0,"84":0,"85":0,"86":0,"87":0,"88":0,"89":0,"90":0,"91":0,"92":0,"93":0,"94":0,"95":0,"96":0,"97":0,"98":0,"99":0,"100":0,"101":0,"102":0,"103":0,"104":0,"105":0,"106":0,"107":0,"108":0,"109":0,"110":0,"111":0,"112":0,"113":0,"114":0,"115":0,"116":0,"117":0,"118":0,"119":0,"120":0,"121":0,"122":0,"123":0,"124":0,"125":0,"126":0,"127":0,"128":0,"129":0,"130":0,"131":0,"132":0,"133":0,"134":0,"135":0,"136":0,"137":0,"138":0,"139":0,"140":0,"141":0,"142":0,"143":0,"144":0,"145":0,"146":0,"147":0,"148":0,"149":0,"150":0,"151":0,"152":0,"153":0,"154":0,"155":0,"156":0,"157":0,"158":0,"159":0,"160":0,"161":0,"162":0,"163":0,"164":0,"165":0,"166":0,"167":0,"168":0,"169":0,"170":0,"171":0,"172":0,"173":0,"174":0,"175":0,"176":0,"177":0,"178":0,"179":0,"180":0,"181":0,"182":0,"183":0,"184":0,"185":0,"186":0,"187":0,"188":0,"189":0,"190":0,"191":0,"192":0,"193":0,"194":0,"195":0,"196":0},"f":{"0":0,"1":0,"2":0,"3":0,"4":0,"5":0,"6":0,"7":0,"8":0,"9":0,"10":0,"11":0,"12":0,"13":0,"14":0,"15":0,"16":0,"17":0,"18":0,"19":0,"20":0,"21":0,"22":0,"23":0,"24":0,"25":0,"26":0,"27":0,"28":0,"29":0,"30":0},"b":{"0":[0,0],"1":[0,0],"2":[0,0],"3":[0,0,0],"4":[0,0],"5":[0,0],"6":[0],"7":[0],"8":[0,0],"9":[0,0],"10":[0,0],"11":[0,0],"12":[0,0],"13":[0,0],"14":[0,0],"15":[0,0],"16":[0,0],"17":[0,0],"18":[0],"19":[0,0],"20":[0,0],"21":[0,0],"22":[0,0],"23":[0,0],"24":[0,0],"25":[0,0],"26":[0,0],"27":[0,0],"28":[0,0],"29":[0,0],"30":[0,0],"31":[0,0],"32":[0,0],"33":[0],"34":[0,0],"35":[0,0],"36":[0,0],"37":[0,0],"38":[0,0],"39":[0,0],"40":[0,0],"41":[0,0],"42":[0,0],"43":[0,0],"44":[0,0],"45":[0,0],"46":[0,0],"47":[0,0]},"meta":{"lastBranch":48,"lastFunction":31,"lastStatement":197,"seen":{"s:19:6:19:Infinity":0,"s:22:42:26:Infinity":1,"f:32:16:32:31":0,"b:33:2:33:Infinity:undefined:undefined:undefined:undefined":0,"s:33:2:33:Infinity":2,"s:33:23:33:Infinity":3,"s:35:14:35:Infinity":4,"s:36:18:36:Infinity":5,"s:37:8:37:Infinity":6,"b:40:2:40:Infinity:undefined:undefined:undefined:undefined":1,"s:40:2:40:Infinity":7,"s:40:29:40:Infinity":8,"s:42:16:42:Infinity":9,"s:43:2:43:Infinity":10,"f:50:16:50:Infinity":1,"s:54:2:70:Infinity":11,"f:55:9:55:18":2,"s:57:26:57:Infinity":12,"b:58:6:62:Infinity:undefined:undefined:undefined:undefined":2,"s:58:6:62:Infinity":13,"s:59:8:61:Infinity":14,"s:60:10:60:Infinity":15,"s:64:21:64:Infinity":16,"s:65:17:65:Infinity":17,"b:65:17:65:36:65:36:65:53:65:53:65:Infinity":3,"s:66:27:66:Infinity":18,"b:66:36:66:42:66:42:66:Infinity":4,"s:68:6:68:Infinity":19,"f:70:10:70:11":3,"s:70:20:70:51":20,"f:77:9:77:23":4,"s:78:20:78:Infinity":21,"s:80:2:84:Infinity":22,"f:84:12:84:20":5,"s:84:20:84:60":23,"b:84:20:84:40:84:40:84:60":5,"f:91:9:91:35":6,"b:91:73:91:84":6,"b:91:112:91:138":7,"b:92:2:94:Infinity:undefined:undefined:undefined:undefined":8,"s:92:2:94:Infinity":24,"s:93:4:93:Infinity":25,"s:96:31:96:Infinity":26,"s:97:27:97:Infinity":27,"s:99:2:107:Infinity":28,"b:100:4:106:Infinity:103:11:106:Infinity":9,"s:100:4:106:Infinity":29,"s:101:6:101:Infinity":30,"s:102:6:102:Infinity":31,"s:104:6:104:Infinity":32,"s:105:6:105:Infinity":33,"s:110:2:110:Infinity":34,"f:116:9:116:25":7,"s:118:8:118:Infinity":35,"b:119:2:126:Infinity:undefined:undefined:undefined:undefined":10,"s:119:2:126:Infinity":36,"s:120:4:125:Infinity":37,"s:121:21:121:Infinity":38,"s:122:6:122:Infinity":39,"s:124:6:124:Infinity":40,"s:129:2:138:Infinity":41,"s:130:10:130:Infinity":42,"s:131:10:131:Infinity":43,"b:132:4:135:Infinity:undefined:undefined:undefined:undefined":11,"s:132:4:135:Infinity":44,"s:133:21:133:Infinity":45,"s:134:6:134:Infinity":46,"s:137:4:137:Infinity":47,"s:140:2:140:Infinity":48,"f:148:2:148:14":8,"s:149:4:149:Infinity":49,"s:151:4:151:Infinity":50,"s:153:4:153:Infinity":51,"b:154:4:156:Infinity:undefined:undefined:undefined:undefined":12,"s:154:4:156:Infinity":52,"s:155:6:155:Infinity":53,"s:158:4:158:Infinity":54,"f:158:39:158:45":9,"f:161:10:161:30":10,"s:162:4:162:Infinity":55,"f:165:10:165:51":11,"s:166:19:166:Infinity":56,"b:167:4:170:Infinity:undefined:undefined:undefined:undefined":13,"s:167:4:170:Infinity":57,"s:168:6:168:Infinity":58,"s:169:6:169:Infinity":59,"s:171:4:177:Infinity":60,"s:172:6:172:Infinity":61,"s:174:6:174:Infinity":62,"s:175:6:175:Infinity":63,"s:176:6:176:Infinity":64,"f:183:16:183:28":12,"s:184:4:197:Infinity":65,"s:185:18:185:Infinity":66,"s:186:33:189:Infinity":67,"b:190:6:192:Infinity:undefined:undefined:undefined:undefined":14,"s:190:6:192:Infinity":68,"s:191:8:191:Infinity":69,"s:193:6:193:Infinity":70,"s:195:6:195:Infinity":71,"s:196:6:196:Infinity":72,"f:203:8:203:21":13,"s:210:20:210:Infinity":73,"b:210:20:210:72:210:72:210:Infinity":15,"f:210:39:210:40":14,"s:210:46:210:57":74,"s:211:25:211:Infinity":75,"s:213:4:215:Infinity":76,"f:221:8:221:19":15,"s:227:23:227:Infinity":77,"s:229:4:229:Infinity":78,"f:235:8:235:24":16,"s:242:21:242:Infinity":79,"b:242:21:242:56:242:56:242:Infinity":16,"s:243:21:243:Infinity":80,"s:245:4:245:Infinity":81,"b:248:4:252:Infinity:undefined:undefined:undefined:undefined":17,"s:248:4:252:Infinity":82,"s:249:6:251:Infinity":83,"f:260:8:260:23":17,"b:260:46:260:71":18,"s:261:15:261:Infinity":84,"b:262:4:262:Infinity:undefined:undefined:undefined:undefined":19,"s:262:4:262:Infinity":85,"s:262:13:262:Infinity":86,"s:264:4:327:Infinity":87,"s:266:25:266:Infinity":88,"b:266:52:266:64:266:64:266:Infinity":20,"s:269:21:269:Infinity":89,"s:270:41:270:Infinity":90,"s:272:18:276:Infinity":91,"s:280:19:280:Infinity":92,"s:282:32:304:Infinity":93,"f:282:41:282:48":18,"s:283:28:283:Infinity":94,"b:284:8:288:Infinity:undefined:undefined:undefined:undefined":21,"s:284:8:288:Infinity":95,"s:285:10:287:Infinity":96,"s:286:12:286:Infinity":97,"s:291:28:291:Infinity":98,"s:292:23:292:Infinity":99,"b:292:37:292:54:292:54:292:Infinity":22,"s:294:8:303:Infinity":100,"b:298:20:298:35:298:35:298:Infinity":23,"b:299:21:299:38:299:38:299:Infinity":24,"b:301:16:301:33:301:33:301:Infinity":25,"b:307:6:318:Infinity:313:13:318:Infinity":26,"s:307:6:318:Infinity":101,"s:308:24:308:Infinity":102,"s:309:8:312:Infinity":103,"f:309:46:309:54":19,"s:310:46:310:Infinity":104,"s:311:10:311:Infinity":105,"s:314:8:317:Infinity":106,"f:314:46:314:54":20,"s:315:46:315:Infinity":107,"s:316:10:316:Infinity":108,"s:320:6:320:Infinity":109,"s:322:6:322:Infinity":110,"s:323:6:323:Infinity":111,"s:324:6:324:Infinity":112,"s:326:6:326:Infinity":113,"f:334:8:334:23":21,"s:335:15:335:Infinity":114,"b:336:4:336:Infinity:undefined:undefined:undefined:undefined":27,"s:336:4:336:Infinity":115,"s:336:13:336:Infinity":116,"s:338:4:389:Infinity":117,"s:339:18:339:Infinity":118,"s:346:19:346:Infinity":119,"s:348:32:366:Infinity":120,"f:348:41:348:48":22,"s:349:28:349:Infinity":121,"b:350:8:354:Infinity:undefined:undefined:undefined:undefined":28,"s:350:8:354:Infinity":122,"s:351:10:353:Infinity":123,"s:352:12:352:Infinity":124,"s:356:8:365:Infinity":125,"b:360:25:360:40:360:40:360:Infinity":29,"b:361:16:361:33:361:33:361:Infinity":30,"b:362:16:362:33:362:33:362:Infinity":31,"b:369:6:380:Infinity:375:13:380:Infinity":32,"s:369:6:380:Infinity":126,"s:370:24:370:Infinity":127,"s:371:8:374:Infinity":128,"f:371:30:371:38":23,"s:372:46:372:Infinity":129,"s:373:10:373:Infinity":130,"s:376:8:379:Infinity":131,"f:376:30:376:38":24,"s:377:46:377:Infinity":132,"s:378:10:378:Infinity":133,"s:382:6:382:Infinity":134,"s:384:6:384:Infinity":135,"s:385:6:385:Infinity":136,"s:386:6:386:Infinity":137,"s:388:6:388:Infinity":138,"f:397:8:397:25":25,"b:397:48:397:76":33,"s:398:15:398:Infinity":139,"b:399:4:399:Infinity:undefined:undefined:undefined:undefined":34,"s:399:4:399:Infinity":140,"s:399:13:399:Infinity":141,"s:401:4:469:Infinity":142,"s:403:25:403:Infinity":143,"b:403:52:403:64:403:64:403:Infinity":35,"s:406:21:406:Infinity":144,"s:407:41:407:Infinity":145,"s:409:18:414:Infinity":146,"s:418:19:418:Infinity":147,"s:420:35:446:Infinity":148,"f:420:44:420:51":26,"s:421:28:421:Infinity":149,"b:422:8:426:Infinity:undefined:undefined:undefined:undefined":36,"s:422:8:426:Infinity":150,"s:423:10:425:Infinity":151,"s:424:12:424:Infinity":152,"s:429:28:429:Infinity":153,"s:430:23:430:Infinity":154,"b:430:37:430:54:430:54:430:Infinity":37,"s:433:29:433:Infinity":155,"s:434:24:434:Infinity":156,"b:434:39:434:71:434:71:434:Infinity":38,"s:436:8:445:Infinity":157,"b:440:16:440:31:440:31:440:Infinity":39,"b:442:26:442:53:442:53:442:Infinity":40,"b:443:21:443:38:443:38:443:Infinity":41,"b:449:6:460:Infinity:455:13:460:Infinity":42,"s:449:6:460:Infinity":158,"s:450:24:450:Infinity":159,"s:451:8:454:Infinity":160,"f:451:46:451:54":27,"s:452:46:452:Infinity":161,"s:453:10:453:Infinity":162,"s:456:8:459:Infinity":163,"f:456:46:456:54":28,"s:457:46:457:Infinity":164,"s:458:10:458:Infinity":165,"s:462:6:462:Infinity":166,"s:464:6:464:Infinity":167,"s:465:6:465:Infinity":168,"s:466:6:466:Infinity":169,"s:468:6:468:Infinity":170,"f:475:8:475:44":29,"s:476:4:476:Infinity":171,"f:483:8:483:47":30,"b:484:4:488:Infinity:undefined:undefined:undefined:undefined":43,"s:484:4:488:Infinity":172,"s:485:6:485:Infinity":173,"s:486:6:486:Infinity":174,"s:487:6:487:Infinity":175,"s:490:10:490:Infinity":176,"s:491:10:491:Infinity":177,"s:492:23:492:Infinity":178,"s:494:4:526:Infinity":179,"b:495:6:500:Infinity:undefined:undefined:undefined:undefined":44,"s:495:6:500:Infinity":180,"s:497:8:497:Infinity":181,"s:498:8:498:Infinity":182,"s:499:8:499:Infinity":183,"s:502:12:502:Infinity":184,"b:504:6:508:Infinity:undefined:undefined:undefined:undefined":45,"s:504:6:508:Infinity":185,"s:506:8:506:Infinity":186,"s:507:8:507:Infinity":187,"b:510:6:523:Infinity:undefined:undefined:undefined:undefined":46,"s:510:6:523:Infinity":188,"s:512:14:512:Infinity":189,"b:513:8:522:Infinity:518:15:522:Infinity":47,"s:513:8:522:Infinity":190,"s:515:10:515:Infinity":191,"s:516:10:516:Infinity":192,"s:517:10:517:Infinity":193,"s:520:10:520:Infinity":194,"s:521:10:521:Infinity":195,"s:525:6:525:Infinity":196}}}
}
